2014-02-28 11:50:03.982 UserCenter[39580:80b] Multi-tasking -> Device: YES, App: YES
2014-02-28 11:50:03.997 UserCenter[39580:80b] Unlimited access to network resources
2014-02-28 11:50:04.026 UserCenter[39580:80b] CDVPlugin class CDVSplashScreen (pluginName: splashscreen) does not exist.
2014-02-28 11:50:04.029 UserCenter[39580:80b] [CDVTimer][splashscreen] 3.898025ms
2014-02-28 11:50:04.030 UserCenter[39580:80b] [CDVTimer][TotalPluginStartup] 4.721999ms
2014-02-28 11:50:04.417 UserCenter[39580:80b] Resetting plugins due to page load.
2014-02-28 11:50:04.557 UserCenter[39580:80b] Finished load of: file:///Users/Virola/Library/Application%20Support/iPhone%20Simulator/7.0.3/Applications/5668E5B1-0334-4532-BF51-13A114E88CCF/UserCenter.app/www/index.html
Terminating in response to SpringBoard's termination.
2014-02-28 11:51:54.908 UserCenter[39722:80b] Multi-tasking -> Device: YES, App: YES
2014-02-28 11:51:54.923 UserCenter[39722:80b] Unlimited access to network resources
2014-02-28 11:51:54.954 UserCenter[39722:80b] CDVPlugin class CDVSplashScreen (pluginName: splashscreen) does not exist.
2014-02-28 11:51:54.955 UserCenter[39722:80b] [CDVTimer][splashscreen] 0.783980ms
2014-02-28 11:51:54.955 UserCenter[39722:80b] [CDVTimer][TotalPluginStartup] 1.397014ms
2014-02-28 11:51:55.205 UserCenter[39722:80b] Resetting plugins due to page load.
2014-02-28 11:51:55.489 UserCenter[39722:80b] Finished load of: file:///Users/Virola/Library/Application%20Support/iPhone%20Simulator/7.0.3/Applications/5668E5B1-0334-4532-BF51-13A114E88CCF/UserCenter.app/www/index.html
2014-02-28 11:52:50.498 UserCenter[39859:80b] Multi-tasking -> Device: YES, App: YES
2014-02-28 11:52:50.514 UserCenter[39859:80b] Unlimited access to network resources
2014-02-28 11:52:50.587 UserCenter[39859:80b] CDVPlugin class CDVSplashScreen (pluginName: splashscreen) does not exist.
2014-02-28 11:52:50.604 UserCenter[39859:80b] [CDVTimer][splashscreen] 17.197013ms
2014-02-28 11:52:50.615 UserCenter[39859:80b] [CDVTimer][TotalPluginStartup] 28.001964ms
2014-02-28 11:52:50.970 UserCenter[39859:80b] Resetting plugins due to page load.
2014-02-28 11:52:51.116 UserCenter[39859:80b] Finished load of: file:///Users/Virola/Library/Application%20Support/iPhone%20Simulator/7.0.3/Applications/5668E5B1-0334-4532-BF51-13A114E88CCF/UserCenter.app/www/index.html
Terminating in response to SpringBoard's termination.
2014-02-28 11:57:03.858 UserCenter[40031:80b] Multi-tasking -> Device: YES, App: YES
2014-02-28 11:57:03.869 UserCenter[40031:80b] Unlimited access to network resources
2014-02-28 11:57:03.896 UserCenter[40031:80b] CDVPlugin class CDVSplashScreen (pluginName: splashscreen) does not exist.
2014-02-28 11:57:03.898 UserCenter[40031:80b] [CDVTimer][splashscreen] 2.294004ms
2014-02-28 11:57:03.909 UserCenter[40031:80b] [CDVTimer][TotalPluginStartup] 13.586044ms
2014-02-28 11:57:04.216 UserCenter[40031:80b] Resetting plugins due to page load.
2014-02-28 11:57:04.341 UserCenter[40031:80b] Finished load of: file:///Users/Virola/Library/Application%20Support/iPhone%20Simulator/7.0.3/Applications/5668E5B1-0334-4532-BF51-13A114E88CCF/UserCenter.app/www/index.html
2014-02-28 12:27:40.948 UserCenter[40568:80b] Multi-tasking -> Device: YES, App: YES
2014-02-28 12:27:40.994 UserCenter[40568:80b] Unlimited access to network resources
2014-02-28 12:27:41.196 UserCenter[40568:80b] CDVPlugin class CDVSplashScreen (pluginName: splashscreen) does not exist.
2014-02-28 12:27:41.197 UserCenter[40568:80b] [CDVTimer][splashscreen] 0.652015ms
2014-02-28 12:27:41.198 UserCenter[40568:80b] [CDVTimer][TotalPluginStartup] 1.681030ms
2014-02-28 12:27:41.404 UserCenter[40568:80b] Resetting plugins due to page load.
2014-02-28 12:27:41.512 UserCenter[40568:80b] Finished load of: file:///Users/Virola/Library/Application%20Support/iPhone%20Simulator/7.0.3/Applications/5668E5B1-0334-4532-BF51-13A114E88CCF/UserCenter.app/www/index.html
2014-02-28 13:59:04.705 UserCenter[41465:80b] Multi-tasking -> Device: YES, App: YES
2014-02-28 13:59:04.723 UserCenter[41465:80b] Unlimited access to network resources
2014-02-28 13:59:04.756 UserCenter[41465:80b] CDVPlugin class CDVSplashScreen (pluginName: splashscreen) does not exist.
2014-02-28 13:59:04.758 UserCenter[41465:80b] [CDVTimer][splashscreen] 1.192033ms
2014-02-28 13:59:04.759 UserCenter[41465:80b] [CDVTimer][TotalPluginStartup] 2.256989ms
2014-02-28 13:59:04.824 UserCenter[41465:80b] Resetting plugins due to page load.
2014-02-28 13:59:05.125 UserCenter[41465:80b] Finished load of: file:///Users/Virola/Library/Application%20Support/iPhone%20Simulator/7.0.3/Applications/5668E5B1-0334-4532-BF51-13A114E88CCF/UserCenter.app/www/index.html
2014-02-28 14:04:22.612 UserCenter[41745:80b] Multi-tasking -> Device: YES, App: YES
2014-02-28 14:04:22.623 UserCenter[41745:80b] Unlimited access to network resources
2014-02-28 14:04:22.657 UserCenter[41745:80b] CDVPlugin class CDVSplashScreen (pluginName: splashscreen) does not exist.
2014-02-28 14:04:22.659 UserCenter[41745:80b] [CDVTimer][splashscreen] 1.935959ms
2014-02-28 14:04:22.660 UserCenter[41745:80b] [CDVTimer][TotalPluginStartup] 2.689004ms
2014-02-28 14:04:23.075 UserCenter[41745:80b] Resetting plugins due to page load.
2014-02-28 14:04:23.191 UserCenter[41745:80b] Finished load of: file:///Users/Virola/Library/Application%20Support/iPhone%20Simulator/7.0.3/Applications/5668E5B1-0334-4532-BF51-13A114E88CCF/UserCenter.app/www/index.html
2014-02-28 14:07:08.631 UserCenter[41897:80b] Multi-tasking -> Device: YES, App: YES
2014-02-28 14:07:08.642 UserCenter[41897:80b] Unlimited access to network resources
2014-02-28 14:07:08.755 UserCenter[41897:80b] CDVPlugin class CDVSplashScreen (pluginName: splashscreen) does not exist.
2014-02-28 14:07:08.761 UserCenter[41897:80b] [CDVTimer][splashscreen] 5.497038ms
2014-02-28 14:07:08.771 UserCenter[41897:80b] [CDVTimer][TotalPluginStartup] 15.689015ms
2014-02-28 14:07:09.084 UserCenter[41897:80b] Resetting plugins due to page load.
2014-02-28 14:07:09.264 UserCenter[41897:80b] Finished load of: file:///Users/Virola/Library/Application%20Support/iPhone%20Simulator/7.0.3/Applications/5668E5B1-0334-4532-BF51-13A114E88CCF/UserCenter.app/www/index.html
2014-02-28 14:13:13.140 UserCenter[42065:80b] Multi-tasking -> Device: YES, App: YES
2014-02-28 14:13:13.149 UserCenter[42065:80b] Unlimited access to network resources
2014-02-28 14:13:13.177 UserCenter[42065:80b] CDVPlugin class CDVSplashScreen (pluginName: splashscreen) does not exist.
2014-02-28 14:13:13.185 UserCenter[42065:80b] [CDVTimer][splashscreen] 7.432044ms
2014-02-28 14:13:13.185 UserCenter[42065:80b] [CDVTimer][TotalPluginStartup] 8.040011ms
2014-02-28 14:13:13.255 UserCenter[42065:80b] Resetting plugins due to page load.
2014-02-28 14:13:13.568 UserCenter[42065:80b] Finished load of: file:///Users/Virola/Library/Application%20Support/iPhone%20Simulator/7.0.3/Applications/5668E5B1-0334-4532-BF51-13A114E88CCF/UserCenter.app/www/index.html
2014-02-28 14:13:13.657 UserCenter[42065:80b] CDVPlugin class CDVNotification (pluginName: Notification) does not exist.
2014-02-28 14:13:13.657 UserCenter[42065:80b] ERROR: Plugin 'Notification' not found, or is not a CDVPlugin. Check your plugin mapping in config.xml.
2014-02-28 14:13:13.659 UserCenter[42065:80b] -[CDVCommandQueue executePending] [Line 158] FAILED pluginJSON = [
  "INVALID",
  "Notification",
  "alert",
  [
    "deviceready~^_^~",
    "Alert",
    "OK"
  ]
]
2014-02-28 14:13:13.660 UserCenter[42065:80b] ...........ready.......
2014-02-28 14:13:46.853 UserCenter[42065:80b] CDVPlugin class CDVNotification (pluginName: Notification) does not exist.
2014-02-28 14:13:46.854 UserCenter[42065:80b] ERROR: Plugin 'Notification' not found, or is not a CDVPlugin. Check your plugin mapping in config.xml.
2014-02-28 14:13:46.855 UserCenter[42065:80b] -[CDVCommandQueue executePending] [Line 158] FAILED pluginJSON = [
  "INVALID",
  "Notification",
  "alert",
  [
    "密码木有填啊！",
    "Alert",
    "OK"
  ]
]
2014-02-28 14:13:51.752 UserCenter[42065:80b] CDVPlugin class CDVNotification (pluginName: Notification) does not exist.
2014-02-28 14:13:51.752 UserCenter[42065:80b] ERROR: Plugin 'Notification' not found, or is not a CDVPlugin. Check your plugin mapping in config.xml.
2014-02-28 14:13:51.753 UserCenter[42065:80b] -[CDVCommandQueue executePending] [Line 158] FAILED pluginJSON = [
  "INVALID",
  "Notification",
  "alert",
  [
    "密码木有填啊！",
    "Alert",
    "OK"
  ]
]
2014-02-28 14:18:18.361 UserCenter[42273:80b] Multi-tasking -> Device: YES, App: YES
2014-02-28 14:18:18.383 UserCenter[42273:80b] Unlimited access to network resources
2014-02-28 14:18:18.411 UserCenter[42273:80b] CDVPlugin class CDVSplashScreen (pluginName: splashscreen) does not exist.
2014-02-28 14:18:18.413 UserCenter[42273:80b] [CDVTimer][splashscreen] 1.352012ms
2014-02-28 14:18:18.422 UserCenter[42273:80b] [CDVTimer][TotalPluginStartup] 10.959983ms
2014-02-28 14:18:18.746 UserCenter[42273:80b] Resetting plugins due to page load.
2014-02-28 14:18:18.916 UserCenter[42273:80b] Finished load of: file:///Users/Virola/Library/Application%20Support/iPhone%20Simulator/7.0.3/Applications/5668E5B1-0334-4532-BF51-13A114E88CCF/UserCenter.app/www/index.html
2014-02-28 14:18:19.024 UserCenter[42273:80b] THREAD WARNING: ['Notification'] took '44.301025' ms. Plugin should use a background thread.
2014-02-28 14:20:21.894 UserCenter[42273:80b] THREAD WARNING: ['Notification'] took '129.099121' ms. Plugin should use a background thread.
2014-02-28 14:27:50.144 UserCenter[42614:80b] Multi-tasking -> Device: YES, App: YES
2014-02-28 14:27:50.174 UserCenter[42614:80b] Unlimited access to network resources
2014-02-28 14:27:50.233 UserCenter[42614:80b] CDVPlugin class CDVSplashScreen (pluginName: splashscreen) does not exist.
2014-02-28 14:27:50.241 UserCenter[42614:80b] [CDVTimer][splashscreen] 8.372962ms
2014-02-28 14:27:50.246 UserCenter[42614:80b] [CDVTimer][TotalPluginStartup] 13.260007ms
2014-02-28 14:27:50.690 UserCenter[42614:80b] Resetting plugins due to page load.
2014-02-28 14:27:50.837 UserCenter[42614:80b] Finished load of: file:///Users/Virola/Library/Application%20Support/iPhone%20Simulator/7.0.3/Applications/5668E5B1-0334-4532-BF51-13A114E88CCF/UserCenter.app/www/index.html
2014-02-28 14:27:50.946 UserCenter[42614:80b] THREAD WARNING: ['Notification'] took '32.088135' ms. Plugin should use a background thread.
2014-02-28 14:27:51.014 UserCenter[42614:80b] ...........ready.......
2014-02-28 14:29:41.395 UserCenter[42763:80b] Multi-tasking -> Device: YES, App: YES
2014-02-28 14:29:41.422 UserCenter[42763:80b] Unlimited access to network resources
2014-02-28 14:29:41.499 UserCenter[42763:80b] CDVPlugin class CDVSplashScreen (pluginName: splashscreen) does not exist.
2014-02-28 14:29:41.540 UserCenter[42763:80b] [CDVTimer][splashscreen] 41.386962ms
2014-02-28 14:29:41.560 UserCenter[42763:80b] [CDVTimer][TotalPluginStartup] 61.271966ms
2014-02-28 14:29:41.930 UserCenter[42763:80b] Resetting plugins due to page load.
2014-02-28 14:29:42.071 UserCenter[42763:80b] Finished load of: file:///Users/Virola/Library/Application%20Support/iPhone%20Simulator/7.0.3/Applications/5668E5B1-0334-4532-BF51-13A114E88CCF/UserCenter.app/www/index.html
2014-02-28 14:29:42.178 UserCenter[42763:80b] THREAD WARNING: ['Notification'] took '30.684082' ms. Plugin should use a background thread.
2014-02-28 14:29:42.197 UserCenter[42763:80b] ...........ready.......
2014-02-28 14:34:49.805 UserCenter[42925:80b] Multi-tasking -> Device: YES, App: YES
2014-02-28 14:34:49.824 UserCenter[42925:80b] Unlimited access to network resources
2014-02-28 14:34:49.861 UserCenter[42925:80b] CDVPlugin class CDVSplashScreen (pluginName: splashscreen) does not exist.
2014-02-28 14:34:49.907 UserCenter[42925:80b] [CDVTimer][splashscreen] 45.524001ms
2014-02-28 14:34:49.920 UserCenter[42925:80b] [CDVTimer][TotalPluginStartup] 59.038997ms
2014-02-28 14:34:50.248 UserCenter[42925:80b] Resetting plugins due to page load.
2014-02-28 14:34:50.421 UserCenter[42925:80b] Finished load of: file:///Users/Virola/Library/Application%20Support/iPhone%20Simulator/7.0.3/Applications/5668E5B1-0334-4532-BF51-13A114E88CCF/UserCenter.app/www/index.html
2014-02-28 14:34:50.532 UserCenter[42925:80b] THREAD WARNING: ['Notification'] took '27.563965' ms. Plugin should use a background thread.
2014-02-28 14:34:50.548 UserCenter[42925:80b] ...........ready.......
2014-02-28 14:35:17.667 UserCenter[42925:80b] =======begin requesting=======
Terminating in response to SpringBoard's termination.
2014-02-28 14:47:23.480 UserCenter[43130:80b] Multi-tasking -> Device: YES, App: YES
2014-02-28 14:47:23.499 UserCenter[43130:80b] Unlimited access to network resources
2014-02-28 14:47:23.755 UserCenter[43130:80b] CDVPlugin class CDVSplashScreen (pluginName: splashscreen) does not exist.
2014-02-28 14:47:23.756 UserCenter[43130:80b] [CDVTimer][splashscreen] 0.817955ms
2014-02-28 14:47:23.756 UserCenter[43130:80b] [CDVTimer][TotalPluginStartup] 1.457989ms
2014-02-28 14:47:24.006 UserCenter[43130:80b] Resetting plugins due to page load.
2014-02-28 14:47:24.118 UserCenter[43130:80b] Finished load of: file:///Users/Virola/Library/Application%20Support/iPhone%20Simulator/7.0.3/Applications/5668E5B1-0334-4532-BF51-13A114E88CCF/UserCenter.app/www/index.html
2014-02-28 14:47:24.255 UserCenter[43130:80b] THREAD WARNING: ['Notification'] took '21.355713' ms. Plugin should use a background thread.
2014-02-28 14:47:33.479 UserCenter[43130:80b] ........click.......
2014-02-28 14:47:33.479 UserCenter[43130:80b] =======begin requesting=======
2014-02-28 14:47:33.480 UserCenter[43130:80b] ........click.......
2014-02-28 14:47:33.480 UserCenter[43130:80b] =======begin requesting=======
2014-02-28 14:47:33.645 UserCenter[43130:80b] THREAD WARNING: ['Notification'] took '32.577148' ms. Plugin should use a background thread.
2014-02-28 14:48:53.904 UserCenter[43330:80b] Multi-tasking -> Device: YES, App: YES
2014-02-28 14:48:53.915 UserCenter[43330:80b] Unlimited access to network resources
2014-02-28 14:48:53.939 UserCenter[43330:80b] CDVPlugin class CDVSplashScreen (pluginName: splashscreen) does not exist.
2014-02-28 14:48:53.940 UserCenter[43330:80b] [CDVTimer][splashscreen] 1.147032ms
2014-02-28 14:48:53.941 UserCenter[43330:80b] [CDVTimer][TotalPluginStartup] 1.927972ms
2014-02-28 14:48:54.047 UserCenter[43330:80b] Resetting plugins due to page load.
2014-02-28 14:48:54.376 UserCenter[43330:80b] Finished load of: file:///Users/Virola/Library/Application%20Support/iPhone%20Simulator/7.0.3/Applications/5668E5B1-0334-4532-BF51-13A114E88CCF/UserCenter.app/www/index.html
2014-02-28 14:48:54.454 UserCenter[43330:80b] THREAD WARNING: ['Notification'] took '21.977051' ms. Plugin should use a background thread.
2014-02-28 14:49:19.325 UserCenter[43330:80b] ........click.......
2014-02-28 14:49:26.619 UserCenter[43330:80b] ........click.......
2014-02-28 14:49:26.620 UserCenter[43330:80b] =======begin requesting=======
2014-02-28 14:49:26.816 UserCenter[43330:80b] THREAD WARNING: ['Notification'] took '32.381104' ms. Plugin should use a background thread.
Terminating in response to SpringBoard's termination.
2014-02-28 15:59:57.441 UserCenter[45562:80b] Multi-tasking -> Device: YES, App: YES
2014-02-28 15:59:57.467 UserCenter[45562:80b] Unlimited access to network resources
2014-02-28 15:59:57.532 UserCenter[45562:80b] CDVPlugin class CDVSplashScreen (pluginName: splashscreen) does not exist.
2014-02-28 15:59:57.533 UserCenter[45562:80b] [CDVTimer][splashscreen] 1.327991ms
2014-02-28 15:59:57.534 UserCenter[45562:80b] [CDVTimer][TotalPluginStartup] 1.991034ms
2014-02-28 15:59:57.874 UserCenter[45562:80b] Resetting plugins due to page load.
2014-02-28 15:59:58.041 UserCenter[45562:80b] Finished load of: file:///Users/Virola/Library/Application%20Support/iPhone%20Simulator/7.0.3/Applications/5668E5B1-0334-4532-BF51-13A114E88CCF/UserCenter.app/www/index.html
2014-02-28 15:59:58.232 UserCenter[45562:80b] THREAD WARNING: ['Notification'] took '45.430908' ms. Plugin should use a background thread.
2014-02-28 16:00:10.396 UserCenter[45562:80b] ........click.......
2014-02-28 16:00:10.396 UserCenter[45562:80b] =======begin requesting=======
2014-02-28 16:00:10.591 UserCenter[45562:80b] THREAD WARNING: ['Notification'] took '35.235107' ms. Plugin should use a background thread.
