2014-03-02 11:40:37.012 Sample[56175:80b] Multi-tasking -> Device: YES, App: YES
2014-03-02 11:40:37.025 Sample[56175:80b] Unlimited access to network resources
2014-03-02 11:40:37.208 Sample[56175:80b] Resetting plugins due to page load.
2014-03-02 11:40:37.478 Sample[56175:80b] Finished load of: file:///Users/Virola/Library/Application%20Support/iPhone%20Simulator/7.0.3/Applications/CDF973AF-8E18-4B13-9E6E-A51E9CB17B03/Sample.app/www/index.html
Terminating in response to SpringBoard's termination.
2014-03-02 11:48:51.058 Sample[56319:80b] Multi-tasking -> Device: YES, App: YES
2014-03-02 11:48:51.069 Sample[56319:80b] Unlimited access to network resources
2014-03-02 11:48:51.228 Sample[56319:80b] Resetting plugins due to page load.
2014-03-02 11:48:51.435 Sample[56319:80b] Finished load of: file:///Users/Virola/Library/Application%20Support/iPhone%20Simulator/7.0.3/Applications/CDF973AF-8E18-4B13-9E6E-A51E9CB17B03/Sample.app/www/index.html
2014-03-03 15:58:19.649 Sample[68572:80b] Multi-tasking -> Device: YES, App: YES
2014-03-03 15:58:19.706 Sample[68572:80b] Unlimited access to network resources
2014-03-03 15:58:19.896 Sample[68572:80b] CDVPlugin class Echo (pluginName: echo) does not exist.
2014-03-03 15:58:19.897 Sample[68572:80b] [CDVTimer][echo] 0.537992ms
2014-03-03 15:58:19.897 Sample[68572:80b] [CDVTimer][TotalPluginStartup] 1.105011ms
2014-03-03 15:58:20.160 Sample[68572:80b] Resetting plugins due to page load.
2014-03-03 15:58:20.293 Sample[68572:80b] Finished load of: file:///Users/Virola/Library/Application%20Support/iPhone%20Simulator/7.0.3/Applications/A388C952-3315-48EC-9776-5FD2D6FD87B7/Sample.app/www/index.html
2014-03-03 15:58:23.961 Sample[68572:80b] THREAD WARNING: ['SocialSharing'] took '80.505859' ms. Plugin should use a background thread.
2014-03-03 15:58:23.984 Sample[68572:80b] Launch Services: Registering unknown app identifier com.apple.mobilemail failed
2014-03-03 15:58:23.984 Sample[68572:80b] Launch Services: Unable to find app identifier com.apple.mobilemail
2014-03-03 15:58:27.578 Sample[68572:80b] THREAD WARNING: ['SocialSharing'] took '10.585205' ms. Plugin should use a background thread.
2014-03-03 15:58:38.550 Sample[68572:80b] THREAD WARNING: ['SocialSharing'] took '17.083252' ms. Plugin should use a background thread.
AB: Could not compile statement for query (ABCCopyArrayOfAllInstancesOfClassInSourceMatchingProperties):
SELECT ROWID, Name, ExternalIdentifier, Type, ConstraintsPath, ExternalModificationTag, ExternalSyncTag, AccountID, Enabled, SyncData, MeIdentifier, Capabilities FROM ABStore WHERE Enabled = ?;
AB: Could not compile statement for query (ABCCopyArrayOfAllInstancesOfClassInSourceMatchingProperties):
SELECT ROWID, Name, ExternalIdentifier, Type, ConstraintsPath, ExternalModificationTag, ExternalSyncTag, AccountID, Enabled, SyncData, MeIdentifier, Capabilities FROM ABStore WHERE Enabled = ?;
2014-03-03 16:01:27.330 Sample[68707:80b] Multi-tasking -> Device: YES, App: YES
2014-03-03 16:01:27.342 Sample[68707:80b] Unlimited access to network resources
2014-03-03 16:01:27.370 Sample[68707:80b] CDVPlugin class Echo (pluginName: echo) does not exist.
2014-03-03 16:01:27.371 Sample[68707:80b] [CDVTimer][echo] 1.413047ms
2014-03-03 16:01:27.372 Sample[68707:80b] [CDVTimer][TotalPluginStartup] 1.985967ms
2014-03-03 16:01:27.399 Sample[68707:80b] Resetting plugins due to page load.
2014-03-03 16:01:27.580 Sample[68707:80b] Finished load of: file:///Users/Virola/Library/Application%20Support/iPhone%20Simulator/7.0.3/Applications/A388C952-3315-48EC-9776-5FD2D6FD87B7/Sample.app/www/index.html
2014-03-03 16:01:30.828 Sample[68707:80b] THREAD WARNING: ['SocialSharing'] took '46.850342' ms. Plugin should use a background thread.
2014-03-03 16:01:30.842 Sample[68707:80b] Launch Services: Registering unknown app identifier com.apple.mobilemail failed
2014-03-03 16:01:30.843 Sample[68707:80b] Launch Services: Unable to find app identifier com.apple.mobilemail
2014-03-03 16:01:34.723 Sample[68707:80b] THREAD WARNING: ['SocialSharing'] took '749.321045' ms. Plugin should use a background thread.
2014-03-03 16:05:19.351 Sample[68845:80b] Multi-tasking -> Device: YES, App: YES
2014-03-03 16:05:19.362 Sample[68845:80b] Unlimited access to network resources
2014-03-03 16:05:19.389 Sample[68845:80b] CDVPlugin class Echo (pluginName: echo) does not exist.
2014-03-03 16:05:19.389 Sample[68845:80b] [CDVTimer][echo] 0.611007ms
2014-03-03 16:05:19.390 Sample[68845:80b] [CDVTimer][TotalPluginStartup] 1.208961ms
2014-03-03 16:05:19.652 Sample[68845:80b] Resetting plugins due to page load.
2014-03-03 16:05:19.761 Sample[68845:80b] Finished load of: file:///Users/Virola/Library/Application%20Support/iPhone%20Simulator/7.0.3/Applications/A388C952-3315-48EC-9776-5FD2D6FD87B7/Sample.app/www/index.html
2014-03-03 16:05:40.591 Sample[68958:80b] Multi-tasking -> Device: YES, App: YES
2014-03-03 16:05:40.602 Sample[68958:80b] Unlimited access to network resources
2014-03-03 16:05:40.629 Sample[68958:80b] CDVPlugin class Echo (pluginName: echo) does not exist.
2014-03-03 16:05:40.630 Sample[68958:80b] [CDVTimer][echo] 0.611007ms
2014-03-03 16:05:40.631 Sample[68958:80b] [CDVTimer][TotalPluginStartup] 1.699984ms
2014-03-03 16:05:40.656 Sample[68958:80b] Resetting plugins due to page load.
2014-03-03 16:05:40.863 Sample[68958:80b] Finished load of: file:///Users/Virola/Library/Application%20Support/iPhone%20Simulator/7.0.3/Applications/A388C952-3315-48EC-9776-5FD2D6FD87B7/Sample.app/www/index.html
2014-03-03 16:05:58.974 Sample[69073:80b] Multi-tasking -> Device: YES, App: YES
2014-03-03 16:05:58.990 Sample[69073:80b] Unlimited access to network resources
2014-03-03 16:05:59.015 Sample[69073:80b] CDVPlugin class Echo (pluginName: echo) does not exist.
2014-03-03 16:05:59.016 Sample[69073:80b] [CDVTimer][echo] 0.683010ms
2014-03-03 16:05:59.017 Sample[69073:80b] [CDVTimer][TotalPluginStartup] 1.358986ms
2014-03-03 16:05:59.235 Sample[69073:80b] Resetting plugins due to page load.
2014-03-03 16:05:59.299 Sample[69073:80b] Finished load of: file:///Users/Virola/Library/Application%20Support/iPhone%20Simulator/7.0.3/Applications/A388C952-3315-48EC-9776-5FD2D6FD87B7/Sample.app/www/index.html
2014-03-03 16:06:46.589 Sample[69190:80b] Multi-tasking -> Device: YES, App: YES
2014-03-03 16:06:46.615 Sample[69190:80b] Unlimited access to network resources
2014-03-03 16:06:46.645 Sample[69190:80b] CDVPlugin class Echo (pluginName: echo) does not exist.
2014-03-03 16:06:46.646 Sample[69190:80b] [CDVTimer][echo] 0.777960ms
2014-03-03 16:06:46.646 Sample[69190:80b] [CDVTimer][TotalPluginStartup] 1.441002ms
2014-03-03 16:06:46.909 Sample[69190:80b] Resetting plugins due to page load.
2014-03-03 16:06:47.004 Sample[69190:80b] Finished load of: file:///Users/Virola/Library/Application%20Support/iPhone%20Simulator/7.0.3/Applications/A388C952-3315-48EC-9776-5FD2D6FD87B7/Sample.app/www/index.html
2014-03-03 16:06:55.632 Sample[69190:80b] THREAD WARNING: ['SocialSharing'] took '667.860107' ms. Plugin should use a background thread.
2014-03-03 16:06:55.651 Sample[69190:80b] Launch Services: Registering unknown app identifier com.apple.mobilemail failed
2014-03-03 16:06:55.651 Sample[69190:80b] Launch Services: Unable to find app identifier com.apple.mobilemail
2014-03-03 16:06:59.103 Sample[69190:80b] share ok
2014-03-03 16:07:00.897 Sample[69190:80b] THREAD WARNING: ['SocialSharing'] took '1793.161133' ms. Plugin should use a background thread.
2014-03-03 16:07:05.158 Sample[69190:80b] share ok
2014-03-03 16:07:07.220 Sample[69190:80b] THREAD WARNING: ['SocialSharing'] took '2061.585938' ms. Plugin should use a background thread.
2014-03-03 16:07:09.795 Sample[69190:80b] THREAD WARNING: ['SocialSharing'] took '1699.444092' ms. Plugin should use a background thread.
2014-03-03 16:07:12.379 Sample[69190:80b] THREAD WARNING: ['SocialSharing'] took '1641.278809' ms. Plugin should use a background thread.
2014-03-03 16:07:13.806 Sample[69190:80b] THREAD WARNING: ['SocialSharing'] took '270.368164' ms. Plugin should use a background thread.
2014-03-03 17:15:00.722 Sample[70188:80b] Multi-tasking -> Device: YES, App: YES
2014-03-03 17:15:00.792 Sample[70188:80b] Unlimited access to network resources
2014-03-03 17:15:01.042 Sample[70188:80b] [CDVTimer][echo] 0.154018ms
2014-03-03 17:15:01.043 Sample[70188:80b] [CDVTimer][TotalPluginStartup] 0.759006ms
2014-03-03 17:15:01.256 Sample[70188:80b] Resetting plugins due to page load.
2014-03-03 17:15:01.436 Sample[70188:80b] Finished load of: file:///Users/Virola/Library/Application%20Support/iPhone%20Simulator/7.0.3/Applications/A388C952-3315-48EC-9776-5FD2D6FD87B7/Sample.app/www/index.html
2014-03-03 17:15:48.515 Sample[70188:80b] THREAD WARNING: ['Notification'] took '22.578125' ms. Plugin should use a background thread.
2014-03-03 17:18:18.745 Sample[70323:80b] Multi-tasking -> Device: YES, App: YES
2014-03-03 17:18:18.756 Sample[70323:80b] Unlimited access to network resources
2014-03-03 17:18:18.806 Sample[70323:80b] [CDVTimer][echo] 0.095963ms
2014-03-03 17:18:18.811 Sample[70323:80b] [CDVTimer][TotalPluginStartup] 4.630983ms
2014-03-03 17:18:19.116 Sample[70323:80b] Resetting plugins due to page load.
2014-03-03 17:18:19.186 Sample[70323:80b] Finished load of: file:///Users/Virola/Library/Application%20Support/iPhone%20Simulator/7.0.3/Applications/A388C952-3315-48EC-9776-5FD2D6FD87B7/Sample.app/www/index.html
2014-03-03 17:18:20.924 Sample[70323:80b] THREAD WARNING: ['Notification'] took '25.589844' ms. Plugin should use a background thread.
2014-03-03 17:18:26.355 Sample[70323:80b] THREAD WARNING: ['Notification'] took '85.238770' ms. Plugin should use a background thread.
2014-03-03 17:18:33.224 Sample[70323:80b] THREAD WARNING: ['Notification'] took '89.115967' ms. Plugin should use a background thread.
2014-03-03 17:26:36.697 Sample[70644:80b] Multi-tasking -> Device: YES, App: YES
2014-03-03 17:26:36.707 Sample[70644:80b] Unlimited access to network resources
2014-03-03 17:26:36.735 Sample[70644:80b] [CDVTimer][echo] 0.037014ms
2014-03-03 17:26:36.736 Sample[70644:80b] [CDVTimer][TotalPluginStartup] 0.508964ms
2014-03-03 17:26:36.757 Sample[70644:80b] Resetting plugins due to page load.
2014-03-03 17:26:36.884 Sample[70644:80b] Finished load of: file:///Users/Virola/Library/Application%20Support/iPhone%20Simulator/7.0.3/Applications/A388C952-3315-48EC-9776-5FD2D6FD87B7/Sample.app/www/index.html
2014-03-03 17:26:38.286 Sample[70644:80b] *** WebKit discarded an uncaught exception in the webView:decidePolicyForNavigationAction:request:frame:decisionListener: delegate: <NSInvalidArgumentException> Attempt to mutate immutable object with appendString:
2014-03-03 17:26:40.318 Sample[70644:80b] *** WebKit discarded an uncaught exception in the webView:decidePolicyForNavigationAction:request:frame:decisionListener: delegate: <NSInvalidArgumentException> Attempt to mutate immutable object with appendString:
2014-03-03 17:30:51.469 Sample[70864:80b] Multi-tasking -> Device: YES, App: YES
2014-03-03 17:30:51.486 Sample[70864:80b] Unlimited access to network resources
2014-03-03 17:30:51.581 Sample[70864:80b] [CDVTimer][echo] 0.119030ms
2014-03-03 17:30:51.587 Sample[70864:80b] [CDVTimer][TotalPluginStartup] 5.511999ms
2014-03-03 17:30:51.841 Sample[70864:80b] Resetting plugins due to page load.
2014-03-03 17:30:51.941 Sample[70864:80b] Finished load of: file:///Users/Virola/Library/Application%20Support/iPhone%20Simulator/7.0.3/Applications/A388C952-3315-48EC-9776-5FD2D6FD87B7/Sample.app/www/index.html
2014-03-03 17:30:56.614 Sample[70864:80b] THREAD WARNING: ['Notification'] took '32.887207' ms. Plugin should use a background thread.
2014-03-03 17:31:01.846 Sample[70864:80b] THREAD WARNING: ['Notification'] took '13.379150' ms. Plugin should use a background thread.
2014-03-03 17:38:36.974 Sample[71046:80b] Multi-tasking -> Device: YES, App: YES
2014-03-03 17:38:36.987 Sample[71046:80b] Unlimited access to network resources
2014-03-03 17:38:37.011 Sample[71046:80b] [CDVTimer][echo] 0.064969ms
2014-03-03 17:38:37.016 Sample[71046:80b] [CDVTimer][TotalPluginStartup] 5.329967ms
2014-03-03 17:38:37.279 Sample[71046:80b] Resetting plugins due to page load.
2014-03-03 17:38:37.418 Sample[71046:80b] Finished load of: file:///Users/Virola/Library/Application%20Support/iPhone%20Simulator/7.0.3/Applications/A388C952-3315-48EC-9776-5FD2D6FD87B7/Sample.app/www/index.html
2014-03-03 17:38:39.733 Sample[71046:80b] THREAD WARNING: ['Notification'] took '19.298096' ms. Plugin should use a background thread.
2014-03-03 17:38:48.203 Sample[71046:80b] THREAD WARNING: ['Notification'] took '75.543945' ms. Plugin should use a background thread.
2014-03-03 17:38:56.759 Sample[71046:80b] THREAD WARNING: ['Notification'] took '73.530029' ms. Plugin should use a background thread.
Terminating in response to SpringBoard's termination.
2014-03-07 18:07:28.967 Sample[88122:80b] Multi-tasking -> Device: YES, App: YES
2014-03-07 18:07:29.078 Sample[88122:80b] Unlimited access to network resources
2014-03-07 18:07:29.742 Sample[88122:80b] [CDVTimer][echo] 0.411987ms
2014-03-07 18:07:29.743 Sample[88122:80b] [CDVTimer][TotalPluginStartup] 1.085997ms
2014-03-07 18:07:29.972 Sample[88122:80b] Resetting plugins due to page load.
2014-03-07 18:07:30.085 Sample[88122:80b] Finished load of: file:///Users/Virola/Library/Application%20Support/iPhone%20Simulator/7.0.3/Applications/A388C952-3315-48EC-9776-5FD2D6FD87B7/Sample.app/www/index.html
2014-03-07 18:09:25.838 Sample[88122:80b] Resetting plugins due to page load.
2014-03-07 18:09:25.880 Sample[88122:80b] Finished load of: file:///Users/Virola/Library/Application%20Support/iPhone%20Simulator/7.0.3/Applications/A388C952-3315-48EC-9776-5FD2D6FD87B7/Sample.app/www/shake.html
2014-03-07 19:07:22.955 Sample[88622:80b] Multi-tasking -> Device: YES, App: YES
2014-03-07 19:07:23.063 Sample[88622:80b] Unlimited access to network resources
2014-03-07 19:07:23.261 Sample[88622:80b] [CDVTimer][echo] 0.040948ms
2014-03-07 19:07:23.261 Sample[88622:80b] [CDVTimer][TotalPluginStartup] 0.573993ms
2014-03-07 19:07:23.446 Sample[88622:80b] Resetting plugins due to page load.
2014-03-07 19:07:23.545 Sample[88622:80b] Finished load of: file:///Users/Virola/Library/Application%20Support/iPhone%20Simulator/7.0.3/Applications/A388C952-3315-48EC-9776-5FD2D6FD87B7/Sample.app/www/index.html
2014-03-07 19:07:25.861 Sample[88622:80b] Resetting plugins due to page load.
2014-03-07 19:07:25.888 Sample[88622:80b] Finished load of: file:///Users/Virola/Library/Application%20Support/iPhone%20Simulator/7.0.3/Applications/A388C952-3315-48EC-9776-5FD2D6FD87B7/Sample.app/www/shake.html
2014-03-09 18:15:56.045 Sample[95290:80b] Multi-tasking -> Device: YES, App: YES
2014-03-09 18:15:56.082 Sample[95290:80b] Unlimited access to network resources
2014-03-09 18:15:56.304 Sample[95290:80b] [CDVTimer][splashscreen] 65.759003ms
2014-03-09 18:15:56.304 Sample[95290:80b] [CDVTimer][echo] 0.056982ms
2014-03-09 18:15:56.305 Sample[95290:80b] [CDVTimer][TotalPluginStartup] 66.670001ms
2014-03-09 18:15:56.482 Sample[95290:80b] Resetting plugins due to page load.
2014-03-09 18:15:56.688 Sample[95290:80b] Finished load of: file:///Users/Virola/Library/Application%20Support/iPhone%20Simulator/7.0.3/Applications/A388C952-3315-48EC-9776-5FD2D6FD87B7/Sample.app/www/index.html
Terminating in response to SpringBoard's termination.
2014-03-09 18:17:41.397 Sample[95455:80b] Multi-tasking -> Device: YES, App: YES
2014-03-09 18:17:41.408 Sample[95455:80b] Unlimited access to network resources
2014-03-09 18:17:41.443 Sample[95455:80b] [CDVTimer][splashscreen] 10.549963ms
2014-03-09 18:17:41.444 Sample[95455:80b] [CDVTimer][echo] 0.050008ms
2014-03-09 18:17:41.444 Sample[95455:80b] [CDVTimer][TotalPluginStartup] 11.659026ms
2014-03-09 18:17:41.482 Sample[95455:80b] Resetting plugins due to page load.
2014-03-09 18:17:41.763 Sample[95455:80b] Finished load of: file:///Users/Virola/Library/Application%20Support/iPhone%20Simulator/7.0.3/Applications/A388C952-3315-48EC-9776-5FD2D6FD87B7/Sample.app/www/index.html
2014-03-09 18:21:24.322 Sample[95652:80b] Multi-tasking -> Device: YES, App: YES
2014-03-09 18:21:24.335 Sample[95652:80b] Unlimited access to network resources
2014-03-09 18:21:24.384 Sample[95652:80b] [CDVTimer][splashscreen] 14.947057ms
2014-03-09 18:21:24.384 Sample[95652:80b] [CDVTimer][echo] 0.059009ms
2014-03-09 18:21:24.385 Sample[95652:80b] [CDVTimer][TotalPluginStartup] 16.045034ms
2014-03-09 18:21:24.641 Sample[95652:80b] Resetting plugins due to page load.
2014-03-09 18:21:24.809 Sample[95652:80b] Finished load of: file:///Users/Virola/Library/Application%20Support/iPhone%20Simulator/7.0.3/Applications/A388C952-3315-48EC-9776-5FD2D6FD87B7/Sample.app/www/index.html
2014-03-10 11:17:05.010 Sample[98196:80b] Multi-tasking -> Device: YES, App: YES
2014-03-10 11:17:05.060 Sample[98196:80b] Unlimited access to network resources
2014-03-10 11:17:05.645 Sample[98196:80b] [CDVTimer][splashscreen] 146.795034ms
2014-03-10 11:17:05.646 Sample[98196:80b] [CDVTimer][echo] 0.058055ms
2014-03-10 11:17:05.647 Sample[98196:80b] [CDVTimer][TotalPluginStartup] 148.106039ms
2014-03-10 11:17:05.804 Sample[98196:80b] Resetting plugins due to page load.
2014-03-10 11:17:06.059 Sample[98196:80b] Finished load of: file:///Users/Virola/Library/Application%20Support/iPhone%20Simulator/7.0.3/Applications/A388C952-3315-48EC-9776-5FD2D6FD87B7/Sample.app/www/index.html
2014-03-10 11:18:11.511 Sample[98351:80b] Multi-tasking -> Device: YES, App: YES
2014-03-10 11:18:11.522 Sample[98351:80b] Unlimited access to network resources
2014-03-10 11:18:11.565 Sample[98351:80b] [CDVTimer][splashscreen] 12.843013ms
2014-03-10 11:18:11.566 Sample[98351:80b] [CDVTimer][echo] 0.056028ms
2014-03-10 11:18:11.567 Sample[98351:80b] [CDVTimer][TotalPluginStartup] 14.734983ms
2014-03-10 11:18:11.837 Sample[98351:80b] Resetting plugins due to page load.
2014-03-10 11:18:11.962 Sample[98351:80b] Finished load of: file:///Users/Virola/Library/Application%20Support/iPhone%20Simulator/7.0.3/Applications/A388C952-3315-48EC-9776-5FD2D6FD87B7/Sample.app/www/index.html
2014-03-10 11:21:30.078 Sample[98351:80b] Resetting plugins due to page load.
2014-03-10 11:21:30.118 Sample[98351:80b] Finished load of: file:///Users/Virola/Library/Application%20Support/iPhone%20Simulator/7.0.3/Applications/A388C952-3315-48EC-9776-5FD2D6FD87B7/Sample.app/www/shake.html
2014-03-10 11:22:27.881 Sample[98582:80b] Multi-tasking -> Device: YES, App: YES
2014-03-10 11:22:27.894 Sample[98582:80b] Unlimited access to network resources
2014-03-10 11:22:27.929 Sample[98582:80b] [CDVTimer][splashscreen] 10.899007ms
2014-03-10 11:22:27.930 Sample[98582:80b] [CDVTimer][echo] 0.065029ms
2014-03-10 11:22:27.931 Sample[98582:80b] [CDVTimer][TotalPluginStartup] 12.233973ms
2014-03-10 11:22:28.033 Sample[98582:80b] Resetting plugins due to page load.
2014-03-10 11:22:28.176 Sample[98582:80b] Finished load of: file:///Users/Virola/Library/Application%20Support/iPhone%20Simulator/7.0.3-64/Applications/74580B62-78D7-4A09-942F-26AEA14C577C/Sample.app/www/index.html
2014-03-10 11:39:54.706 Sample[98582:80b] Resetting plugins due to page load.
2014-03-10 11:39:54.728 Sample[98582:80b] Finished load of: file:///Users/Virola/Library/Application%20Support/iPhone%20Simulator/7.0.3-64/Applications/74580B62-78D7-4A09-942F-26AEA14C577C/Sample.app/www/shake.html
2014-03-10 11:48:53.912 Sample[99110:80b] Multi-tasking -> Device: YES, App: YES
2014-03-10 11:48:53.930 Sample[99110:80b] Unlimited access to network resources
2014-03-10 11:48:53.964 Sample[99110:80b] [CDVTimer][splashscreen] 13.506949ms
2014-03-10 11:48:53.965 Sample[99110:80b] [CDVTimer][echo] 0.140011ms
2014-03-10 11:48:53.965 Sample[99110:80b] [CDVTimer][TotalPluginStartup] 14.809012ms
2014-03-10 11:48:54.071 Sample[99110:80b] Resetting plugins due to page load.
2014-03-10 11:48:54.163 Sample[99110:80b] Finished load of: file:///Users/Virola/Library/Application%20Support/iPhone%20Simulator/7.0.3-64/Applications/74580B62-78D7-4A09-942F-26AEA14C577C/Sample.app/www/index.html
2014-03-10 11:48:56.843 Sample[99110:80b] Resetting plugins due to page load.
2014-03-10 11:48:56.859 Sample[99110:80b] Finished load of: file:///Users/Virola/Library/Application%20Support/iPhone%20Simulator/7.0.3-64/Applications/74580B62-78D7-4A09-942F-26AEA14C577C/Sample.app/www/shake.html
2014-03-10 11:48:56.910 Sample[99110:80b] shake init ready.....
2014-03-10 11:51:05.526 Sample[99273:80b] Multi-tasking -> Device: YES, App: YES
2014-03-10 11:51:05.536 Sample[99273:80b] Unlimited access to network resources
2014-03-10 11:51:05.564 Sample[99273:80b] [CDVTimer][splashscreen] 8.291006ms
2014-03-10 11:51:05.565 Sample[99273:80b] [CDVTimer][echo] 0.052035ms
2014-03-10 11:51:05.565 Sample[99273:80b] [CDVTimer][TotalPluginStartup] 9.253979ms
2014-03-10 11:51:05.663 Sample[99273:80b] Resetting plugins due to page load.
2014-03-10 11:51:05.732 Sample[99273:80b] Finished load of: file:///Users/Virola/Library/Application%20Support/iPhone%20Simulator/7.0.3-64/Applications/74580B62-78D7-4A09-942F-26AEA14C577C/Sample.app/www/index.html
2014-03-10 11:51:09.001 Sample[99273:80b] Resetting plugins due to page load.
2014-03-10 11:51:09.022 Sample[99273:80b] Finished load of: file:///Users/Virola/Library/Application%20Support/iPhone%20Simulator/7.0.3-64/Applications/74580B62-78D7-4A09-942F-26AEA14C577C/Sample.app/www/shake.html
2014-03-10 11:51:09.045 Sample[99273:80b] shake init ready.....
2014-03-10 11:51:12.961 Sample[99273:80b] Resetting plugins due to page load.
2014-03-10 11:51:12.969 Sample[99273:80b] Finished load of: file:///Users/Virola/Library/Application%20Support/iPhone%20Simulator/7.0.3-64/Applications/74580B62-78D7-4A09-942F-26AEA14C577C/Sample.app/www/index.html
2014-03-10 11:51:14.601 Sample[99273:80b] Resetting plugins due to page load.
2014-03-10 11:51:14.611 Sample[99273:80b] Finished load of: file:///Users/Virola/Library/Application%20Support/iPhone%20Simulator/7.0.3-64/Applications/74580B62-78D7-4A09-942F-26AEA14C577C/Sample.app/www/shake.html
2014-03-10 11:51:14.626 Sample[99273:80b] shake init ready.....
2014-03-10 11:55:21.883 Sample[99450:80b] Multi-tasking -> Device: YES, App: YES
2014-03-10 11:55:21.889 Sample[99450:80b] Unlimited access to network resources
2014-03-10 11:55:21.922 Sample[99450:80b] [CDVTimer][splashscreen] 10.988057ms
2014-03-10 11:55:21.922 Sample[99450:80b] [CDVTimer][echo] 0.051022ms
2014-03-10 11:55:21.923 Sample[99450:80b] [CDVTimer][TotalPluginStartup] 11.918008ms
2014-03-10 11:55:22.025 Sample[99450:80b] Resetting plugins due to page load.
2014-03-10 11:55:22.134 Sample[99450:80b] Finished load of: file:///Users/Virola/Library/Application%20Support/iPhone%20Simulator/7.0.3-64/Applications/74580B62-78D7-4A09-942F-26AEA14C577C/Sample.app/www/index.html
2014-03-10 11:55:24.403 Sample[99450:80b] Resetting plugins due to page load.
2014-03-10 11:55:24.433 Sample[99450:80b] Finished load of: file:///Users/Virola/Library/Application%20Support/iPhone%20Simulator/7.0.3-64/Applications/74580B62-78D7-4A09-942F-26AEA14C577C/Sample.app/www/shake.html
2014-03-10 11:55:24.448 Sample[99450:80b] shake init ready.....
2014-03-10 11:55:34.224 Sample[99450:80b] Resetting plugins due to page load.
2014-03-10 11:55:34.233 Sample[99450:80b] Finished load of: file:///Users/Virola/Library/Application%20Support/iPhone%20Simulator/7.0.3-64/Applications/74580B62-78D7-4A09-942F-26AEA14C577C/Sample.app/www/index.html
2014-03-10 11:55:39.591 Sample[99450:80b] Resetting plugins due to page load.
2014-03-10 11:55:39.599 Sample[99450:80b] Finished load of: file:///Users/Virola/Library/Application%20Support/iPhone%20Simulator/7.0.3-64/Applications/74580B62-78D7-4A09-942F-26AEA14C577C/Sample.app/www/shake.html
2014-03-10 11:55:39.615 Sample[99450:80b] shake init ready.....
2014-03-10 11:56:25.720 Sample[99603:80b] Multi-tasking -> Device: YES, App: YES
2014-03-10 11:56:25.731 Sample[99603:80b] Unlimited access to network resources
2014-03-10 11:56:25.776 Sample[99603:80b] [CDVTimer][splashscreen] 12.951016ms
2014-03-10 11:56:25.777 Sample[99603:80b] [CDVTimer][echo] 0.060976ms
2014-03-10 11:56:25.781 Sample[99603:80b] [CDVTimer][TotalPluginStartup] 17.367005ms
2014-03-10 11:56:25.824 Sample[99603:80b] Resetting plugins due to page load.
2014-03-10 11:56:26.011 Sample[99603:80b] Finished load of: file:///Users/Virola/Library/Application%20Support/iPhone%20Simulator/7.0.3-64/Applications/74580B62-78D7-4A09-942F-26AEA14C577C/Sample.app/www/index.html
2014-03-10 11:56:28.074 Sample[99603:80b] Resetting plugins due to page load.
2014-03-10 11:56:28.092 Sample[99603:80b] Finished load of: file:///Users/Virola/Library/Application%20Support/iPhone%20Simulator/7.0.3-64/Applications/74580B62-78D7-4A09-942F-26AEA14C577C/Sample.app/www/shake.html
2014-03-10 11:56:28.113 Sample[99603:80b] shake init ready.....
2014-03-10 11:56:38.885 Sample[99603:80b] Resetting plugins due to page load.
2014-03-10 11:56:38.892 Sample[99603:80b] Finished load of: file:///Users/Virola/Library/Application%20Support/iPhone%20Simulator/7.0.3-64/Applications/74580B62-78D7-4A09-942F-26AEA14C577C/Sample.app/www/index.html
2014-03-10 11:56:40.286 Sample[99603:80b] Resetting plugins due to page load.
2014-03-10 11:56:40.296 Sample[99603:80b] Finished load of: file:///Users/Virola/Library/Application%20Support/iPhone%20Simulator/7.0.3-64/Applications/74580B62-78D7-4A09-942F-26AEA14C577C/Sample.app/www/shake.html
2014-03-10 11:56:40.312 Sample[99603:80b] shake init ready.....
2014-03-10 11:57:02.039 Sample[99603:80b] Resetting plugins due to page load.
2014-03-10 11:57:02.045 Sample[99603:80b] Finished load of: file:///Users/Virola/Library/Application%20Support/iPhone%20Simulator/7.0.3-64/Applications/74580B62-78D7-4A09-942F-26AEA14C577C/Sample.app/www/index.html
2014-03-10 11:57:03.871 Sample[99603:80b] Resetting plugins due to page load.
2014-03-10 11:57:03.896 Sample[99603:80b] Finished load of: file:///Users/Virola/Library/Application%20Support/iPhone%20Simulator/7.0.3-64/Applications/74580B62-78D7-4A09-942F-26AEA14C577C/Sample.app/www/message.html
2014-03-10 11:57:05.703 Sample[99603:80b] THREAD WARNING: ['Notification'] took '39.037109' ms. Plugin should use a background thread.
2014-03-10 11:57:09.483 Sample[99603:80b] THREAD WARNING: ['SocialSharing'] took '115.411865' ms. Plugin should use a background thread.
2014-03-10 11:57:09.505 Sample[99603:80b] Launch Services: Registering unknown app identifier com.apple.mobilemail failed
2014-03-10 11:57:09.505 Sample[99603:80b] Launch Services: Unable to find app identifier com.apple.mobilemail
2014-03-10 11:57:15.756 Sample[99603:80b] THREAD WARNING: ['SocialSharing'] took '17.858154' ms. Plugin should use a background thread.
2014-03-10 11:57:29.833 Sample[99603:80b] THREAD WARNING: ['SocialSharing'] took '1785.869141' ms. Plugin should use a background thread.
2014-03-10 11:57:33.033 Sample[99603:80b] THREAD WARNING: ['SocialSharing'] took '2261.688232' ms. Plugin should use a background thread.
2014-03-10 11:57:33.828 Sample[99603:80b] share ok
2014-03-10 11:57:35.315 Sample[99603:80b] THREAD WARNING: ['SocialSharing'] took '1486.462158' ms. Plugin should use a background thread.
Terminating in response to SpringBoard's termination.
