2014-02-28 17:08:39.578 Plugins[46315:80b] Multi-tasking -> Device: YES, App: YES
2014-02-28 17:08:39.628 Plugins[46315:80b] Unlimited access to network resources
2014-02-28 17:08:40.123 Plugins[46315:80b] Resetting plugins due to page load.
2014-02-28 17:08:40.213 Plugins[46315:80b] Finished load of: file:///Users/Virola/Library/Application%20Support/iPhone%20Simulator/7.0.3/Applications/A3F78EA3-DFFA-477D-86C2-724EA6F3002A/Plugins.app/www/index.html
2014-02-28 17:08:44.113 Plugins[46315:80b] Resetting plugins due to page load.
2014-02-28 17:08:44.157 Plugins[46315:80b] Finished load of: file:///Users/Virola/Library/Application%20Support/iPhone%20Simulator/7.0.3/Applications/A3F78EA3-DFFA-477D-86C2-724EA6F3002A/Plugins.app/www/battery.html
2014-02-28 17:11:05.188 Plugins[46556:80b] Multi-tasking -> Device: YES, App: YES
2014-02-28 17:11:05.199 Plugins[46556:80b] Unlimited access to network resources
2014-02-28 17:11:05.309 Plugins[46556:80b] Resetting plugins due to page load.
2014-02-28 17:11:05.569 Plugins[46556:80b] Finished load of: file:///Users/Virola/Library/Application%20Support/iPhone%20Simulator/7.0.3/Applications/A3F78EA3-DFFA-477D-86C2-724EA6F3002A/Plugins.app/www/index.html
2014-02-28 17:11:21.626 Plugins[46556:80b] Resetting plugins due to page load.
2014-02-28 17:11:21.666 Plugins[46556:80b] Finished load of: file:///Users/Virola/Library/Application%20Support/iPhone%20Simulator/7.0.3/Applications/A3F78EA3-DFFA-477D-86C2-724EA6F3002A/Plugins.app/www/battery.html
2014-02-28 17:12:20.181 Plugins[46769:80b] Multi-tasking -> Device: YES, App: YES
2014-02-28 17:12:20.205 Plugins[46769:80b] Unlimited access to network resources
2014-02-28 17:12:20.639 Plugins[46769:80b] Resetting plugins due to page load.
2014-02-28 17:12:20.790 Plugins[46769:80b] Finished load of: file:///Users/Virola/Library/Application%20Support/iPhone%20Simulator/7.0.3/Applications/A3F78EA3-DFFA-477D-86C2-724EA6F3002A/Plugins.app/www/index.html
2014-02-28 17:12:23.338 Plugins[46769:80b] Resetting plugins due to page load.
2014-02-28 17:12:23.377 Plugins[46769:80b] Finished load of: file:///Users/Virola/Library/Application%20Support/iPhone%20Simulator/7.0.3/Applications/A3F78EA3-DFFA-477D-86C2-724EA6F3002A/Plugins.app/www/battery.html
2014-02-28 17:16:28.156 Plugins[47023:80b] Multi-tasking -> Device: YES, App: YES
2014-02-28 17:16:28.166 Plugins[47023:80b] Unlimited access to network resources
2014-02-28 17:16:28.255 Plugins[47023:80b] Resetting plugins due to page load.
2014-02-28 17:16:28.435 Plugins[47023:80b] Finished load of: file:///Users/Virola/Library/Application%20Support/iPhone%20Simulator/7.0.3/Applications/A3F78EA3-DFFA-477D-86C2-724EA6F3002A/Plugins.app/www/index.html
2014-02-28 17:16:37.362 Plugins[47023:80b] Resetting plugins due to page load.
2014-02-28 17:16:37.395 Plugins[47023:80b] Finished load of: file:///Users/Virola/Library/Application%20Support/iPhone%20Simulator/7.0.3/Applications/A3F78EA3-DFFA-477D-86C2-724EA6F3002A/Plugins.app/www/battery.html
2014-02-28 17:16:41.283 Plugins[47023:80b] Resetting plugins due to page load.
2014-02-28 17:16:41.292 Plugins[47023:80b] Finished load of: file:///Users/Virola/Library/Application%20Support/iPhone%20Simulator/7.0.3/Applications/A3F78EA3-DFFA-477D-86C2-724EA6F3002A/Plugins.app/www/index.html
2014-02-28 17:16:44.785 Plugins[47023:80b] Resetting plugins due to page load.
2014-02-28 17:16:44.798 Plugins[47023:80b] Finished load of: file:///Users/Virola/Library/Application%20Support/iPhone%20Simulator/7.0.3/Applications/A3F78EA3-DFFA-477D-86C2-724EA6F3002A/Plugins.app/www/battery.html
2014-02-28 17:18:24.809 Plugins[47235:80b] Multi-tasking -> Device: YES, App: YES
2014-02-28 17:18:24.841 Plugins[47235:80b] Unlimited access to network resources
2014-02-28 17:18:24.950 Plugins[47235:80b] Resetting plugins due to page load.
2014-02-28 17:18:25.150 Plugins[47235:80b] Finished load of: file:///Users/Virola/Library/Application%20Support/iPhone%20Simulator/7.0.3/Applications/A3F78EA3-DFFA-477D-86C2-724EA6F3002A/Plugins.app/www/index.html
2014-02-28 17:18:30.863 Plugins[47235:80b] Resetting plugins due to page load.
2014-02-28 17:18:30.903 Plugins[47235:80b] Finished load of: file:///Users/Virola/Library/Application%20Support/iPhone%20Simulator/7.0.3/Applications/A3F78EA3-DFFA-477D-86C2-724EA6F3002A/Plugins.app/www/battery.html
2014-02-28 17:19:18.156 Plugins[47431:80b] Multi-tasking -> Device: YES, App: YES
2014-02-28 17:19:18.167 Plugins[47431:80b] Unlimited access to network resources
2014-02-28 17:19:18.548 Plugins[47431:80b] Resetting plugins due to page load.
2014-02-28 17:19:18.674 Plugins[47431:80b] Finished load of: file:///Users/Virola/Library/Application%20Support/iPhone%20Simulator/7.0.3/Applications/A3F78EA3-DFFA-477D-86C2-724EA6F3002A/Plugins.app/www/index.html
2014-02-28 17:19:21.753 Plugins[47431:80b] Resetting plugins due to page load.
2014-02-28 17:19:21.799 Plugins[47431:80b] Finished load of: file:///Users/Virola/Library/Application%20Support/iPhone%20Simulator/7.0.3/Applications/A3F78EA3-DFFA-477D-86C2-724EA6F3002A/Plugins.app/www/battery.html
2014-02-28 17:19:21.840 Plugins[47431:80b] THREAD WARNING: ['Notification'] took '40.166992' ms. Plugin should use a background thread.
2014-02-28 17:19:21.989 Plugins[47431:80b] Connection type: WiFi connection
2014-02-28 17:44:08.557 Plugins[47431:80b] Resetting plugins due to page load.
2014-02-28 17:44:08.580 Plugins[47431:80b] THREAD WARNING: ['Notification'] took '11.871094' ms. Plugin should use a background thread.
2014-02-28 17:44:08.597 Plugins[47431:80b] Finished load of: file:///Users/Virola/Library/Application%20Support/iPhone%20Simulator/7.0.3/Applications/A3F78EA3-DFFA-477D-86C2-724EA6F3002A/Plugins.app/www/index.html
2014-02-28 17:44:16.216 Plugins[47431:80b] Resetting plugins due to page load.
2014-02-28 17:44:16.228 Plugins[47431:80b] Finished load of: file:///Users/Virola/Library/Application%20Support/iPhone%20Simulator/7.0.3/Applications/A3F78EA3-DFFA-477D-86C2-724EA6F3002A/Plugins.app/www/battery.html
2014-02-28 17:44:17.965 Plugins[47431:80b] Resetting plugins due to page load.
2014-02-28 17:44:17.974 Plugins[47431:80b] Finished load of: file:///Users/Virola/Library/Application%20Support/iPhone%20Simulator/7.0.3/Applications/A3F78EA3-DFFA-477D-86C2-724EA6F3002A/Plugins.app/www/index.html
2014-02-28 17:44:19.803 Plugins[47431:80b] Resetting plugins due to page load.
2014-02-28 17:44:19.814 Plugins[47431:80b] Finished load of: file:///Users/Virola/Library/Application%20Support/iPhone%20Simulator/7.0.3/Applications/A3F78EA3-DFFA-477D-86C2-724EA6F3002A/Plugins.app/www/battery.html
2014-02-28 17:44:21.644 Plugins[47431:80b] Resetting plugins due to page load.
2014-02-28 17:44:21.653 Plugins[47431:80b] Finished load of: file:///Users/Virola/Library/Application%20Support/iPhone%20Simulator/7.0.3/Applications/A3F78EA3-DFFA-477D-86C2-724EA6F3002A/Plugins.app/www/index.html
2014-02-28 17:44:23.310 Plugins[47431:80b] Resetting plugins due to page load.
2014-02-28 17:44:23.322 Plugins[47431:80b] Finished load of: file:///Users/Virola/Library/Application%20Support/iPhone%20Simulator/7.0.3/Applications/A3F78EA3-DFFA-477D-86C2-724EA6F3002A/Plugins.app/www/battery.html
Terminating in response to SpringBoard's termination.
2014-02-28 17:44:59.056 Plugins[47855:80b] Multi-tasking -> Device: YES, App: YES
2014-02-28 17:44:59.068 Plugins[47855:80b] Unlimited access to network resources
2014-02-28 17:44:59.305 Plugins[47855:80b] Resetting plugins due to page load.
2014-02-28 17:44:59.418 Plugins[47855:80b] Finished load of: file:///Users/Virola/Library/Application%20Support/iPhone%20Simulator/7.0.3/Applications/A3F78EA3-DFFA-477D-86C2-724EA6F3002A/Plugins.app/www/index.html
2014-02-28 17:52:51.392 Plugins[48107:80b] Multi-tasking -> Device: YES, App: YES
2014-02-28 17:52:51.405 Plugins[48107:80b] Unlimited access to network resources
2014-02-28 17:52:51.491 Plugins[48107:80b] Resetting plugins due to page load.
2014-02-28 17:52:51.695 Plugins[48107:80b] Finished load of: file:///Users/Virola/Library/Application%20Support/iPhone%20Simulator/7.0.3/Applications/A3F78EA3-DFFA-477D-86C2-724EA6F3002A/Plugins.app/www/index.html
2014-02-28 17:52:54.728 Plugins[48107:80b] Resetting plugins due to page load.
2014-02-28 17:52:54.804 Plugins[48107:80b] Finished load of: file:///Users/Virola/Library/Application%20Support/iPhone%20Simulator/7.0.3/Applications/A3F78EA3-DFFA-477D-86C2-724EA6F3002A/Plugins.app/www/battery.html
2014-02-28 17:52:54.826 Plugins[48107:80b] THREAD WARNING: ['Notification'] took '20.476074' ms. Plugin should use a background thread.
2014-02-28 17:55:11.315 Plugins[48312:80b] Multi-tasking -> Device: YES, App: YES
2014-02-28 17:55:11.328 Plugins[48312:80b] Unlimited access to network resources
2014-02-28 17:55:11.817 Plugins[48312:80b] Resetting plugins due to page load.
2014-02-28 17:55:11.887 Plugins[48312:80b] Finished load of: file:///Users/Virola/Library/Application%20Support/iPhone%20Simulator/7.0.3/Applications/A3F78EA3-DFFA-477D-86C2-724EA6F3002A/Plugins.app/www/index.html
2014-02-28 17:55:13.387 Plugins[48312:80b] Resetting plugins due to page load.
2014-02-28 17:55:13.447 Plugins[48312:80b] Finished load of: file:///Users/Virola/Library/Application%20Support/iPhone%20Simulator/7.0.3/Applications/A3F78EA3-DFFA-477D-86C2-724EA6F3002A/Plugins.app/www/battery.html
2014-02-28 17:55:13.474 Plugins[48312:80b] THREAD WARNING: ['Notification'] took '25.503906' ms. Plugin should use a background thread.
2014-02-28 18:18:14.187 Plugins[48312:80b] Resetting plugins due to page load.
2014-02-28 18:18:14.200 Plugins[48312:80b] Finished load of: file:///Users/Virola/Library/Application%20Support/iPhone%20Simulator/7.0.3/Applications/A3F78EA3-DFFA-477D-86C2-724EA6F3002A/Plugins.app/www/index.html
2014-02-28 18:18:15.994 Plugins[48312:80b] Resetting plugins due to page load.
2014-02-28 18:18:16.005 Plugins[48312:80b] Finished load of: file:///Users/Virola/Library/Application%20Support/iPhone%20Simulator/7.0.3/Applications/A3F78EA3-DFFA-477D-86C2-724EA6F3002A/Plugins.app/www/battery.html
2014-02-28 18:31:24.238 Plugins[48795:80b] Multi-tasking -> Device: YES, App: YES
2014-02-28 18:31:24.248 Plugins[48795:80b] Unlimited access to network resources
2014-02-28 18:31:24.384 Plugins[48795:80b] Resetting plugins due to page load.
2014-02-28 18:31:24.644 Plugins[48795:80b] Finished load of: file:///Users/Virola/Library/Application%20Support/iPhone%20Simulator/7.0.3/Applications/A3F78EA3-DFFA-477D-86C2-724EA6F3002A/Plugins.app/www/index.html
2014-02-28 18:31:26.462 Plugins[48795:80b] Resetting plugins due to page load.
2014-02-28 18:31:26.489 Plugins[48795:80b] Finished load of: file:///Users/Virola/Library/Application%20Support/iPhone%20Simulator/7.0.3/Applications/A3F78EA3-DFFA-477D-86C2-724EA6F3002A/Plugins.app/www/battery.html
2014-02-28 18:31:43.454 Plugins[48795:80b] Resetting plugins due to page load.
2014-02-28 18:31:43.464 Plugins[48795:80b] Finished load of: file:///Users/Virola/Library/Application%20Support/iPhone%20Simulator/7.0.3/Applications/A3F78EA3-DFFA-477D-86C2-724EA6F3002A/Plugins.app/www/index.html
2014-02-28 18:31:45.346 Plugins[48795:80b] Resetting plugins due to page load.
2014-02-28 18:31:45.360 Plugins[48795:80b] Finished load of: file:///Users/Virola/Library/Application%20Support/iPhone%20Simulator/7.0.3/Applications/A3F78EA3-DFFA-477D-86C2-724EA6F3002A/Plugins.app/www/battery.html
2014-02-28 18:33:54.045 Plugins[49025:80b] Multi-tasking -> Device: YES, App: YES
2014-02-28 18:33:54.061 Plugins[49025:80b] Unlimited access to network resources
2014-02-28 18:33:54.532 Plugins[49025:80b] Resetting plugins due to page load.
2014-02-28 18:33:54.597 Plugins[49025:80b] Finished load of: file:///Users/Virola/Library/Application%20Support/iPhone%20Simulator/7.0.3/Applications/A3F78EA3-DFFA-477D-86C2-724EA6F3002A/Plugins.app/www/index.html
2014-02-28 18:33:56.454 Plugins[49025:80b] Resetting plugins due to page load.
2014-02-28 18:33:56.473 Plugins[49025:80b] Finished load of: file:///Users/Virola/Library/Application%20Support/iPhone%20Simulator/7.0.3/Applications/A3F78EA3-DFFA-477D-86C2-724EA6F3002A/Plugins.app/www/battery.html
2014-02-28 18:34:12.069 Plugins[49025:80b] Resetting plugins due to page load.
2014-02-28 18:34:12.081 Plugins[49025:80b] Finished load of: file:///Users/Virola/Library/Application%20Support/iPhone%20Simulator/7.0.3/Applications/A3F78EA3-DFFA-477D-86C2-724EA6F3002A/Plugins.app/www/index.html
2014-02-28 18:34:13.306 Plugins[49025:80b] Resetting plugins due to page load.
2014-02-28 18:34:13.318 Plugins[49025:80b] Finished load of: file:///Users/Virola/Library/Application%20Support/iPhone%20Simulator/7.0.3/Applications/A3F78EA3-DFFA-477D-86C2-724EA6F3002A/Plugins.app/www/battery.html
2014-02-28 18:35:58.742 Plugins[49226:80b] Multi-tasking -> Device: YES, App: YES
2014-02-28 18:35:58.755 Plugins[49226:80b] Unlimited access to network resources
2014-02-28 18:35:59.390 Plugins[49226:80b] Resetting plugins due to page load.
2014-02-28 18:35:59.519 Plugins[49226:80b] Finished load of: file:///Users/Virola/Library/Application%20Support/iPhone%20Simulator/7.0.3/Applications/A3F78EA3-DFFA-477D-86C2-724EA6F3002A/Plugins.app/www/index.html
2014-02-28 18:36:01.035 Plugins[49226:80b] Resetting plugins due to page load.
2014-02-28 18:36:01.057 Plugins[49226:80b] Finished load of: file:///Users/Virola/Library/Application%20Support/iPhone%20Simulator/7.0.3/Applications/A3F78EA3-DFFA-477D-86C2-724EA6F3002A/Plugins.app/www/battery.html
2014-02-28 18:36:06.970 Plugins[49226:80b] Resetting plugins due to page load.
2014-02-28 18:36:06.979 Plugins[49226:80b] Finished load of: file:///Users/Virola/Library/Application%20Support/iPhone%20Simulator/7.0.3/Applications/A3F78EA3-DFFA-477D-86C2-724EA6F3002A/Plugins.app/www/index.html
2014-02-28 18:36:08.842 Plugins[49226:80b] Resetting plugins due to page load.
2014-02-28 18:36:08.855 Plugins[49226:80b] Finished load of: file:///Users/Virola/Library/Application%20Support/iPhone%20Simulator/7.0.3/Applications/A3F78EA3-DFFA-477D-86C2-724EA6F3002A/Plugins.app/www/battery.html
2014-02-28 18:38:39.273 Plugins[49439:80b] Multi-tasking -> Device: YES, App: YES
2014-02-28 18:38:39.283 Plugins[49439:80b] Unlimited access to network resources
2014-02-28 18:38:39.364 Plugins[49439:80b] Resetting plugins due to page load.
2014-02-28 18:38:39.518 Plugins[49439:80b] Finished load of: file:///Users/Virola/Library/Application%20Support/iPhone%20Simulator/7.0.3/Applications/A3F78EA3-DFFA-477D-86C2-724EA6F3002A/Plugins.app/www/index.html
2014-02-28 18:38:42.365 Plugins[49439:80b] Resetting plugins due to page load.
2014-02-28 18:38:42.385 Plugins[49439:80b] Finished load of: file:///Users/Virola/Library/Application%20Support/iPhone%20Simulator/7.0.3/Applications/A3F78EA3-DFFA-477D-86C2-724EA6F3002A/Plugins.app/www/battery.html
Terminating in response to SpringBoard's termination.
2014-02-28 18:42:31.650 Plugins[49664:80b] Multi-tasking -> Device: YES, App: YES
2014-02-28 18:42:31.661 Plugins[49664:80b] Unlimited access to network resources
2014-02-28 18:42:31.761 Plugins[49664:80b] Resetting plugins due to page load.
2014-02-28 18:42:32.029 Plugins[49664:80b] Finished load of: file:///Users/Virola/Library/Application%20Support/iPhone%20Simulator/7.0.3/Applications/A3F78EA3-DFFA-477D-86C2-724EA6F3002A/Plugins.app/www/index.html
2014-02-28 18:43:24.074 Plugins[49857:80b] Multi-tasking -> Device: YES, App: YES
2014-02-28 18:43:24.089 Plugins[49857:80b] Unlimited access to network resources
2014-02-28 18:43:24.178 Plugins[49857:80b] Resetting plugins due to page load.
2014-02-28 18:43:24.460 Plugins[49857:80b] Finished load of: file:///Users/Virola/Library/Application%20Support/iPhone%20Simulator/7.0.3/Applications/A3F78EA3-DFFA-477D-86C2-724EA6F3002A/Plugins.app/www/index.html
2014-02-28 18:44:09.230 Plugins[50052:80b] Multi-tasking -> Device: YES, App: YES
2014-02-28 18:44:09.240 Plugins[50052:80b] Unlimited access to network resources
2014-02-28 18:44:09.675 Plugins[50052:80b] Resetting plugins due to page load.
2014-02-28 18:44:09.818 Plugins[50052:80b] Finished load of: file:///Users/Virola/Library/Application%20Support/iPhone%20Simulator/7.0.3/Applications/A3F78EA3-DFFA-477D-86C2-724EA6F3002A/Plugins.app/www/index.html
2014-02-28 18:44:10.309 Plugins[50052:80b] THREAD WARNING: ['Notification'] took '78.591797' ms. Plugin should use a background thread.
2014-02-28 18:44:10.325 Plugins[50052:80b] ready
2014-02-28 18:44:23.069 Plugins[50052:80b] Resetting plugins due to page load.
2014-02-28 18:44:23.085 Plugins[50052:80b] Finished load of: file:///Users/Virola/Library/Application%20Support/iPhone%20Simulator/7.0.3/Applications/A3F78EA3-DFFA-477D-86C2-724EA6F3002A/Plugins.app/www/battery.html
2014-02-28 18:45:11.572 Plugins[50251:80b] Multi-tasking -> Device: YES, App: YES
2014-02-28 18:45:11.580 Plugins[50251:80b] Unlimited access to network resources
2014-02-28 18:45:11.816 Plugins[50251:80b] Resetting plugins due to page load.
2014-02-28 18:45:11.970 Plugins[50251:80b] Finished load of: file:///Users/Virola/Library/Application%20Support/iPhone%20Simulator/7.0.3/Applications/A3F78EA3-DFFA-477D-86C2-724EA6F3002A/Plugins.app/www/index.html
2014-02-28 18:45:12.103 Plugins[50251:80b] THREAD WARNING: ['Notification'] took '28.958008' ms. Plugin should use a background thread.
2014-02-28 18:45:12.118 Plugins[50251:80b] ready
2014-02-28 18:45:40.708 Plugins[50251:80b] Resetting plugins due to page load.
2014-02-28 18:45:40.738 Plugins[50251:80b] Finished load of: file:///Users/Virola/Library/Application%20Support/iPhone%20Simulator/7.0.3/Applications/A3F78EA3-DFFA-477D-86C2-724EA6F3002A/Plugins.app/www/battery.html
2014-02-28 18:46:27.157 Plugins[50450:80b] Multi-tasking -> Device: YES, App: YES
2014-02-28 18:46:27.174 Plugins[50450:80b] Unlimited access to network resources
2014-02-28 18:46:27.271 Plugins[50450:80b] Resetting plugins due to page load.
2014-02-28 18:46:27.654 Plugins[50450:80b] Finished load of: file:///Users/Virola/Library/Application%20Support/iPhone%20Simulator/7.0.3/Applications/A3F78EA3-DFFA-477D-86C2-724EA6F3002A/Plugins.app/www/index.html
2014-02-28 18:46:27.806 Plugins[50450:80b] THREAD WARNING: ['Notification'] took '31.857910' ms. Plugin should use a background thread.
2014-02-28 18:46:27.823 Plugins[50450:80b] ready
2014-02-28 18:46:36.785 Plugins[50450:80b] Resetting plugins due to page load.
2014-02-28 18:46:36.802 Plugins[50450:80b] Finished load of: file:///Users/Virola/Library/Application%20Support/iPhone%20Simulator/7.0.3/Applications/A3F78EA3-DFFA-477D-86C2-724EA6F3002A/Plugins.app/www/battery.html
2014-02-28 18:47:39.816 Plugins[50646:80b] Multi-tasking -> Device: YES, App: YES
2014-02-28 18:47:39.828 Plugins[50646:80b] Unlimited access to network resources
2014-02-28 18:47:39.921 Plugins[50646:80b] Resetting plugins due to page load.
2014-02-28 18:47:40.298 Plugins[50646:80b] Finished load of: file:///Users/Virola/Library/Application%20Support/iPhone%20Simulator/7.0.3/Applications/A3F78EA3-DFFA-477D-86C2-724EA6F3002A/Plugins.app/www/index.html
2014-02-28 18:47:40.449 Plugins[50646:80b] THREAD WARNING: ['Notification'] took '29.739014' ms. Plugin should use a background thread.
2014-02-28 18:47:40.468 Plugins[50646:80b] ready
2014-02-28 18:47:42.895 Plugins[50646:80b] Resetting plugins due to page load.
2014-02-28 18:47:42.913 Plugins[50646:80b] Finished load of: file:///Users/Virola/Library/Application%20Support/iPhone%20Simulator/7.0.3/Applications/A3F78EA3-DFFA-477D-86C2-724EA6F3002A/Plugins.app/www/battery.html
2014-02-28 18:48:46.774 Plugins[50843:80b] Multi-tasking -> Device: YES, App: YES
2014-02-28 18:48:46.789 Plugins[50843:80b] Unlimited access to network resources
2014-02-28 18:48:46.903 Plugins[50843:80b] Resetting plugins due to page load.
2014-02-28 18:48:47.273 Plugins[50843:80b] Finished load of: file:///Users/Virola/Library/Application%20Support/iPhone%20Simulator/7.0.3/Applications/A3F78EA3-DFFA-477D-86C2-724EA6F3002A/Plugins.app/www/index.html
2014-02-28 18:48:47.456 Plugins[50843:80b] THREAD WARNING: ['Notification'] took '32.530273' ms. Plugin should use a background thread.
2014-02-28 18:48:47.473 Plugins[50843:80b] ready
2014-02-28 18:48:50.758 Plugins[50843:80b] Resetting plugins due to page load.
2014-02-28 18:48:50.791 Plugins[50843:80b] Finished load of: file:///Users/Virola/Library/Application%20Support/iPhone%20Simulator/7.0.3/Applications/A3F78EA3-DFFA-477D-86C2-724EA6F3002A/Plugins.app/www/battery.html
2014-02-28 18:50:16.179 Plugins[50843:80b] Resetting plugins due to page load.
2014-02-28 18:50:16.191 Plugins[50843:80b] Finished load of: file:///Users/Virola/Library/Application%20Support/iPhone%20Simulator/7.0.3/Applications/A3F78EA3-DFFA-477D-86C2-724EA6F3002A/Plugins.app/www/index.html
2014-02-28 18:50:16.233 Plugins[50843:80b] THREAD WARNING: ['Notification'] took '12.036133' ms. Plugin should use a background thread.
2014-02-28 18:50:16.394 Plugins[50843:80b] ready
2014-02-28 18:50:18.965 Plugins[50843:80b] Resetting plugins due to page load.
2014-02-28 18:50:18.978 Plugins[50843:80b] Finished load of: file:///Users/Virola/Library/Application%20Support/iPhone%20Simulator/7.0.3/Applications/A3F78EA3-DFFA-477D-86C2-724EA6F3002A/Plugins.app/www/battery.html
2014-02-28 18:51:16.448 Plugins[51052:80b] Multi-tasking -> Device: YES, App: YES
2014-02-28 18:51:16.459 Plugins[51052:80b] Unlimited access to network resources
2014-02-28 18:51:16.535 Plugins[51052:80b] Resetting plugins due to page load.
2014-02-28 18:51:16.651 Plugins[51052:80b] Finished load of: file:///Users/Virola/Library/Application%20Support/iPhone%20Simulator/7.0.3/Applications/A3F78EA3-DFFA-477D-86C2-724EA6F3002A/Plugins.app/www/index.html
2014-02-28 18:51:16.941 Plugins[51052:80b] THREAD WARNING: ['Notification'] took '23.742188' ms. Plugin should use a background thread.
2014-02-28 18:51:16.955 Plugins[51052:80b] ready
2014-02-28 18:51:20.549 Plugins[51052:80b] Resetting plugins due to page load.
2014-02-28 18:51:20.578 Plugins[51052:80b] Finished load of: file:///Users/Virola/Library/Application%20Support/iPhone%20Simulator/7.0.3/Applications/A3F78EA3-DFFA-477D-86C2-724EA6F3002A/Plugins.app/www/battery.html
Terminating in response to SpringBoard's termination.
2014-02-28 18:52:09.550 Plugins[51250:80b] Multi-tasking -> Device: YES, App: YES
2014-02-28 18:52:09.575 Plugins[51250:80b] Unlimited access to network resources
2014-02-28 18:52:09.986 Plugins[51250:80b] Resetting plugins due to page load.
2014-02-28 18:52:10.118 Plugins[51250:80b] Finished load of: file:///Users/Virola/Library/Application%20Support/iPhone%20Simulator/7.0.3/Applications/A3F78EA3-DFFA-477D-86C2-724EA6F3002A/Plugins.app/www/index.html
2014-02-28 18:52:10.302 Plugins[51250:80b] THREAD WARNING: ['Notification'] took '30.772217' ms. Plugin should use a background thread.
2014-02-28 18:52:10.324 Plugins[51250:80b] ready
2014-02-28 18:52:12.761 Plugins[51250:80b] Resetting plugins due to page load.
2014-02-28 18:52:12.791 Plugins[51250:80b] Finished load of: file:///Users/Virola/Library/Application%20Support/iPhone%20Simulator/7.0.3/Applications/A3F78EA3-DFFA-477D-86C2-724EA6F3002A/Plugins.app/www/battery.html
2014-02-28 18:53:26.319 Plugins[51481:80b] Multi-tasking -> Device: YES, App: YES
2014-02-28 18:53:26.335 Plugins[51481:80b] Unlimited access to network resources
2014-02-28 18:53:26.693 Plugins[51481:80b] Resetting plugins due to page load.
2014-02-28 18:53:26.855 Plugins[51481:80b] Finished load of: file:///Users/Virola/Library/Application%20Support/iPhone%20Simulator/7.0.3/Applications/9D034718-4BEC-476A-8258-A07631E52399/Plugins.app/www/index.html
2014-02-28 18:53:26.993 Plugins[51481:80b] THREAD WARNING: ['Notification'] took '25.643066' ms. Plugin should use a background thread.
2014-02-28 18:53:27.009 Plugins[51481:80b] ready
2014-02-28 18:53:30.112 Plugins[51481:80b] Resetting plugins due to page load.
2014-02-28 18:53:30.139 Plugins[51481:80b] Finished load of: file:///Users/Virola/Library/Application%20Support/iPhone%20Simulator/7.0.3/Applications/9D034718-4BEC-476A-8258-A07631E52399/Plugins.app/www/battery.html
2014-02-28 18:56:59.059 Plugins[51481:80b] Resetting plugins due to page load.
2014-02-28 18:56:59.072 Plugins[51481:80b] Finished load of: file:///Users/Virola/Library/Application%20Support/iPhone%20Simulator/7.0.3/Applications/9D034718-4BEC-476A-8258-A07631E52399/Plugins.app/www/index.html
2014-02-28 18:56:59.115 Plugins[51481:80b] THREAD WARNING: ['Notification'] took '10.131104' ms. Plugin should use a background thread.
2014-02-28 18:56:59.125 Plugins[51481:80b] ready
2014-02-28 18:57:03.304 Plugins[51481:80b] Resetting plugins due to page load.
2014-02-28 18:57:03.317 Plugins[51481:80b] Finished load of: file:///Users/Virola/Library/Application%20Support/iPhone%20Simulator/7.0.3/Applications/9D034718-4BEC-476A-8258-A07631E52399/Plugins.app/www/battery.html
2014-02-28 18:58:10.613 Plugins[51706:80b] Multi-tasking -> Device: YES, App: YES
2014-02-28 18:58:10.624 Plugins[51706:80b] Unlimited access to network resources
2014-02-28 18:58:10.722 Plugins[51706:80b] Resetting plugins due to page load.
2014-02-28 18:58:10.862 Plugins[51706:80b] Finished load of: file:///Users/Virola/Library/Application%20Support/iPhone%20Simulator/7.0.3/Applications/9D034718-4BEC-476A-8258-A07631E52399/Plugins.app/www/battery.html
2014-02-28 18:59:20.286 Plugins[51901:80b] Multi-tasking -> Device: YES, App: YES
2014-02-28 18:59:20.296 Plugins[51901:80b] Unlimited access to network resources
2014-02-28 18:59:20.532 Plugins[51901:80b] Resetting plugins due to page load.
2014-02-28 18:59:20.609 Plugins[51901:80b] Finished load of: file:///Users/Virola/Library/Application%20Support/iPhone%20Simulator/7.0.3/Applications/9D034718-4BEC-476A-8258-A07631E52399/Plugins.app/www/battery.html
2014-02-28 19:01:06.526 Plugins[52108:80b] Multi-tasking -> Device: YES, App: YES
2014-02-28 19:01:06.538 Plugins[52108:80b] Unlimited access to network resources
2014-02-28 19:01:06.812 Plugins[52108:80b] Resetting plugins due to page load.
2014-02-28 19:01:07.111 Plugins[52108:80b] Finished load of: file:///Users/Virola/Library/Application%20Support/iPhone%20Simulator/7.0.3/Applications/9D034718-4BEC-476A-8258-A07631E52399/Plugins.app/www/battery.html
2014-02-28 19:01:42.469 Plugins[52304:80b] Multi-tasking -> Device: YES, App: YES
2014-02-28 19:01:42.483 Plugins[52304:80b] Unlimited access to network resources
2014-02-28 19:01:42.724 Plugins[52304:80b] Resetting plugins due to page load.
2014-02-28 19:01:43.043 Plugins[52304:80b] Finished load of: file:///Users/Virola/Library/Application%20Support/iPhone%20Simulator/7.0.3/Applications/9D034718-4BEC-476A-8258-A07631E52399/Plugins.app/www/battery.html
2014-02-28 19:03:14.713 Plugins[52506:80b] Multi-tasking -> Device: YES, App: YES
2014-02-28 19:03:14.728 Plugins[52506:80b] Unlimited access to network resources
2014-02-28 19:03:14.873 Plugins[52506:80b] Resetting plugins due to page load.
2014-02-28 19:03:15.264 Plugins[52506:80b] Finished load of: file:///Users/Virola/Library/Application%20Support/iPhone%20Simulator/7.0.3/Applications/9D034718-4BEC-476A-8258-A07631E52399/Plugins.app/www/battery.html
2014-02-28 19:03:23.542 Plugins[52506:80b] Resetting plugins due to page load.
2014-02-28 19:03:23.571 Plugins[52506:80b] Finished load of: file:///Users/Virola/Library/Application%20Support/iPhone%20Simulator/7.0.3/Applications/9D034718-4BEC-476A-8258-A07631E52399/Plugins.app/www/index.html
2014-02-28 19:03:23.648 Plugins[52506:80b] THREAD WARNING: ['Notification'] took '21.967773' ms. Plugin should use a background thread.
2014-02-28 19:03:23.662 Plugins[52506:80b] ready
2014-02-28 19:03:26.492 Plugins[52506:80b] Resetting plugins due to page load.
2014-02-28 19:03:26.503 Plugins[52506:80b] Finished load of: file:///Users/Virola/Library/Application%20Support/iPhone%20Simulator/7.0.3/Applications/9D034718-4BEC-476A-8258-A07631E52399/Plugins.app/www/battery.html
2014-02-28 19:05:10.712 Plugins[52718:80b] Multi-tasking -> Device: YES, App: YES
2014-02-28 19:05:10.729 Plugins[52718:80b] Unlimited access to network resources
2014-02-28 19:05:10.844 Plugins[52718:80b] Resetting plugins due to page load.
2014-02-28 19:05:11.230 Plugins[52718:80b] Finished load of: file:///Users/Virola/Library/Application%20Support/iPhone%20Simulator/7.0.3/Applications/9D034718-4BEC-476A-8258-A07631E52399/Plugins.app/www/battery.html
2014-02-28 19:05:16.540 Plugins[52718:80b] Resetting plugins due to page load.
2014-02-28 19:05:16.568 Plugins[52718:80b] Finished load of: file:///Users/Virola/Library/Application%20Support/iPhone%20Simulator/7.0.3/Applications/9D034718-4BEC-476A-8258-A07631E52399/Plugins.app/www/index.html
2014-02-28 19:05:16.618 Plugins[52718:80b] THREAD WARNING: ['Notification'] took '21.537109' ms. Plugin should use a background thread.
2014-02-28 19:05:16.632 Plugins[52718:80b] ready
2014-02-28 19:05:19.446 Plugins[52718:80b] Resetting plugins due to page load.
2014-02-28 19:05:19.459 Plugins[52718:80b] Finished load of: file:///Users/Virola/Library/Application%20Support/iPhone%20Simulator/7.0.3/Applications/9D034718-4BEC-476A-8258-A07631E52399/Plugins.app/www/battery.html
2014-02-28 19:05:21.178 Plugins[52718:80b] Resetting plugins due to page load.
2014-02-28 19:05:21.189 Plugins[52718:80b] Finished load of: file:///Users/Virola/Library/Application%20Support/iPhone%20Simulator/7.0.3/Applications/9D034718-4BEC-476A-8258-A07631E52399/Plugins.app/www/index.html
2014-02-28 19:05:21.231 Plugins[52718:80b] THREAD WARNING: ['Notification'] took '12.884033' ms. Plugin should use a background thread.
2014-02-28 19:05:21.239 Plugins[52718:80b] ready
2014-02-28 19:05:23.845 Plugins[52718:80b] Resetting plugins due to page load.
2014-02-28 19:05:23.857 Plugins[52718:80b] Finished load of: file:///Users/Virola/Library/Application%20Support/iPhone%20Simulator/7.0.3/Applications/9D034718-4BEC-476A-8258-A07631E52399/Plugins.app/www/battery.html
2014-02-28 19:06:48.615 Plugins[52927:80b] Multi-tasking -> Device: YES, App: YES
2014-02-28 19:06:48.624 Plugins[52927:80b] Unlimited access to network resources
2014-02-28 19:06:49.007 Plugins[52927:80b] Resetting plugins due to page load.
2014-02-28 19:06:49.116 Plugins[52927:80b] Finished load of: file:///Users/Virola/Library/Application%20Support/iPhone%20Simulator/7.0.3/Applications/9D034718-4BEC-476A-8258-A07631E52399/Plugins.app/www/battery.html
2014-02-28 19:06:55.373 Plugins[52927:80b] Resetting plugins due to page load.
2014-02-28 19:06:55.403 Plugins[52927:80b] Finished load of: file:///Users/Virola/Library/Application%20Support/iPhone%20Simulator/7.0.3/Applications/9D034718-4BEC-476A-8258-A07631E52399/Plugins.app/www/index.html
2014-02-28 19:06:55.450 Plugins[52927:80b] THREAD WARNING: ['Notification'] took '19.694824' ms. Plugin should use a background thread.
2014-02-28 19:06:55.463 Plugins[52927:80b] ready
2014-02-28 19:06:57.875 Plugins[52927:80b] Resetting plugins due to page load.
2014-02-28 19:06:57.888 Plugins[52927:80b] Finished load of: file:///Users/Virola/Library/Application%20Support/iPhone%20Simulator/7.0.3/Applications/9D034718-4BEC-476A-8258-A07631E52399/Plugins.app/www/battery.html
2014-02-28 19:12:03.578 Plugins[53176:80b] Multi-tasking -> Device: YES, App: YES
2014-02-28 19:12:03.599 Plugins[53176:80b] Unlimited access to network resources
2014-02-28 19:12:03.962 Plugins[53176:80b] Resetting plugins due to page load.
2014-02-28 19:12:04.195 Plugins[53176:80b] Finished load of: file:///Users/Virola/Library/Application%20Support/iPhone%20Simulator/7.0.3/Applications/9D034718-4BEC-476A-8258-A07631E52399/Plugins.app/www/battery.html
2014-02-28 19:12:06.363 Plugins[53176:80b] Resetting plugins due to page load.
2014-02-28 19:12:06.378 Plugins[53176:80b] Finished load of: file:///Users/Virola/Library/Application%20Support/iPhone%20Simulator/7.0.3/Applications/9D034718-4BEC-476A-8258-A07631E52399/Plugins.app/www/index.html
2014-02-28 19:12:06.442 Plugins[53176:80b] THREAD WARNING: ['Notification'] took '23.446289' ms. Plugin should use a background thread.
2014-02-28 19:12:06.455 Plugins[53176:80b] ready
2014-02-28 19:12:09.021 Plugins[53176:80b] Resetting plugins due to page load.
2014-02-28 19:12:09.033 Plugins[53176:80b] Finished load of: file:///Users/Virola/Library/Application%20Support/iPhone%20Simulator/7.0.3/Applications/9D034718-4BEC-476A-8258-A07631E52399/Plugins.app/www/battery.html
2014-02-28 19:13:50.676 Plugins[53381:80b] Multi-tasking -> Device: YES, App: YES
2014-02-28 19:13:50.684 Plugins[53381:80b] Unlimited access to network resources
2014-02-28 19:13:50.773 Plugins[53381:80b] Resetting plugins due to page load.
2014-02-28 19:13:50.922 Plugins[53381:80b] Finished load of: file:///Users/Virola/Library/Application%20Support/iPhone%20Simulator/7.0.3/Applications/9D034718-4BEC-476A-8258-A07631E52399/Plugins.app/www/battery.html
2014-02-28 19:16:10.515 Plugins[53589:80b] Multi-tasking -> Device: YES, App: YES
2014-02-28 19:16:10.525 Plugins[53589:80b] Unlimited access to network resources
2014-02-28 19:16:10.811 Plugins[53589:80b] Resetting plugins due to page load.
2014-02-28 19:16:11.118 Plugins[53589:80b] Finished load of: file:///Users/Virola/Library/Application%20Support/iPhone%20Simulator/7.0.3/Applications/9D034718-4BEC-476A-8258-A07631E52399/Plugins.app/www/battery.html
