2014-02-27 15:32:56.797 BaiduCaifu[31993:80b] Multi-tasking -> Device: YES, App: YES
2014-02-27 15:32:56.836 BaiduCaifu[31993:80b] Unlimited access to network resources
2014-02-27 15:32:57.505 BaiduCaifu[31993:80b] [CDVTimer][splashscreen] 96.565008ms
2014-02-27 15:32:57.506 BaiduCaifu[31993:80b] [CDVTimer][TotalPluginStartup] 97.305000ms
2014-02-27 15:32:57.728 BaiduCaifu[31993:80b] Resetting plugins due to page load.
2014-02-27 15:32:57.976 BaiduCaifu[31993:80b] Finished load of: file:///Users/Virola/Library/Application%20Support/iPhone%20Simulator/7.0.3/Applications/8FF8EBCD-C41F-4917-816D-CED95475FF68/BaiduCaifu.app/www/index.html
2014-02-27 15:46:47.208 BaiduCaifu[32507:80b] Multi-tasking -> Device: YES, App: YES
2014-02-27 15:46:47.220 BaiduCaifu[32507:80b] Unlimited access to network resources
2014-02-27 15:46:47.264 BaiduCaifu[32507:80b] WARNING: The splashscreen image named Default-Portrait was not found
2014-02-27 15:46:47.265 BaiduCaifu[32507:80b] [CDVTimer][splashscreen] 18.261969ms
2014-02-27 15:46:47.266 BaiduCaifu[32507:80b] [CDVTimer][TotalPluginStartup] 18.871009ms
2014-02-27 15:46:47.268 BaiduCaifu[32507:80b] WARNING: The splashscreen image named Default-Portrait was not found
2014-02-27 15:46:47.272 BaiduCaifu[32507:80b] WARNING: The splashscreen image named Default-Portrait was not found
2014-02-27 15:46:47.274 BaiduCaifu[32507:80b] WARNING: The splashscreen image named Default-Portrait was not found
2014-02-27 15:46:47.559 BaiduCaifu[32507:80b] Resetting plugins due to page load.
2014-02-27 15:46:47.734 BaiduCaifu[32507:80b] Finished load of: file:///Users/Virola/Library/Application%20Support/iPhone%20Simulator/7.0.3/Applications/8FF8EBCD-C41F-4917-816D-CED95475FF68/BaiduCaifu.app/www/index.html
2014-02-27 16:08:09.414 BaiduCaifu[32742:80b] Multi-tasking -> Device: YES, App: YES
2014-02-27 16:08:09.426 BaiduCaifu[32742:80b] Unlimited access to network resources
2014-02-27 16:08:09.478 BaiduCaifu[32742:80b] WARNING: The splashscreen image named Default-Portrait was not found
2014-02-27 16:08:09.479 BaiduCaifu[32742:80b] [CDVTimer][splashscreen] 21.501005ms
2014-02-27 16:08:09.479 BaiduCaifu[32742:80b] [CDVTimer][TotalPluginStartup] 22.114038ms
2014-02-27 16:08:09.481 BaiduCaifu[32742:80b] WARNING: The splashscreen image named Default-Portrait was not found
2014-02-27 16:08:09.485 BaiduCaifu[32742:80b] WARNING: The splashscreen image named Default-Portrait was not found
2014-02-27 16:08:09.486 BaiduCaifu[32742:80b] WARNING: The splashscreen image named Default-Portrait was not found
2014-02-27 16:08:09.545 BaiduCaifu[32742:80b] Resetting plugins due to page load.
2014-02-27 16:08:09.822 BaiduCaifu[32742:80b] Finished load of: file:///Users/Virola/Library/Application%20Support/iPhone%20Simulator/7.0.3/Applications/8FF8EBCD-C41F-4917-816D-CED95475FF68/BaiduCaifu.app/www/index.html
2014-02-27 16:10:04.485 BaiduCaifu[32872:80b] Multi-tasking -> Device: YES, App: YES
2014-02-27 16:10:04.506 BaiduCaifu[32872:80b] Unlimited access to network resources
2014-02-27 16:10:04.629 BaiduCaifu[32872:80b] [CDVTimer][splashscreen] 66.968977ms
2014-02-27 16:10:04.651 BaiduCaifu[32872:80b] [CDVTimer][TotalPluginStartup] 89.590967ms
2014-02-27 16:10:05.083 BaiduCaifu[32872:80b] Resetting plugins due to page load.
2014-02-27 16:10:05.238 BaiduCaifu[32872:80b] Finished load of: file:///Users/Virola/Library/Application%20Support/iPhone%20Simulator/7.0.3/Applications/8FF8EBCD-C41F-4917-816D-CED95475FF68/BaiduCaifu.app/www/index.html
2014-02-27 16:12:41.760 BaiduCaifu[33011:80b] Multi-tasking -> Device: YES, App: YES
2014-02-27 16:12:41.785 BaiduCaifu[33011:80b] Unlimited access to network resources
2014-02-27 16:12:41.936 BaiduCaifu[33011:80b] [CDVTimer][splashscreen] 27.641952ms
2014-02-27 16:12:41.946 BaiduCaifu[33011:80b] [CDVTimer][TotalPluginStartup] 37.909985ms
2014-02-27 16:12:42.256 BaiduCaifu[33011:80b] Resetting plugins due to page load.
2014-02-27 16:12:42.419 BaiduCaifu[33011:80b] Finished load of: file:///Users/Virola/Library/Application%20Support/iPhone%20Simulator/7.0.3/Applications/8FF8EBCD-C41F-4917-816D-CED95475FF68/BaiduCaifu.app/www/index.html
2014-02-27 16:12:42.583 BaiduCaifu[33011:80b] THREAD WARNING: ['Notification'] took '62.013916' ms. Plugin should use a background thread.
2014-02-27 16:12:42.776 BaiduCaifu[33011:80b] THREAD WARNING: ['Notification'] took '23.731934' ms. Plugin should use a background thread.
2014-02-27 16:14:38.458 BaiduCaifu[33150:80b] Multi-tasking -> Device: YES, App: YES
2014-02-27 16:14:38.472 BaiduCaifu[33150:80b] Unlimited access to network resources
2014-02-27 16:14:38.505 BaiduCaifu[33150:80b] [CDVTimer][splashscreen] 8.925974ms
2014-02-27 16:14:38.506 BaiduCaifu[33150:80b] [CDVTimer][TotalPluginStartup] 9.441018ms
2014-02-27 16:14:38.576 BaiduCaifu[33150:80b] Resetting plugins due to page load.
2014-02-27 16:14:38.900 BaiduCaifu[33150:80b] Finished load of: file:///Users/Virola/Library/Application%20Support/iPhone%20Simulator/7.0.3/Applications/8FF8EBCD-C41F-4917-816D-CED95475FF68/BaiduCaifu.app/www/index.html
Terminating in response to SpringBoard's termination.
2014-02-27 16:23:05.572 BaiduCaifu[33323:80b] Multi-tasking -> Device: YES, App: YES
2014-02-27 16:23:05.586 BaiduCaifu[33323:80b] Unlimited access to network resources
2014-02-27 16:23:05.637 BaiduCaifu[33323:80b] [CDVTimer][splashscreen] 14.136016ms
2014-02-27 16:23:05.637 BaiduCaifu[33323:80b] [CDVTimer][TotalPluginStartup] 14.939010ms
2014-02-27 16:23:05.969 BaiduCaifu[33323:80b] Resetting plugins due to page load.
2014-02-27 16:23:06.139 BaiduCaifu[33323:80b] Finished load of: file:///Users/Virola/Library/Application%20Support/iPhone%20Simulator/7.0.3/Applications/8FF8EBCD-C41F-4917-816D-CED95475FF68/BaiduCaifu.app/www/index.html
2014-02-27 16:23:06.315 BaiduCaifu[33323:80b] THREAD WARNING: ['Notification'] took '56.344971' ms. Plugin should use a background thread.
2014-02-27 16:26:06.343 BaiduCaifu[33689:80b] Multi-tasking -> Device: YES, App: YES
2014-02-27 16:26:06.372 BaiduCaifu[33689:80b] Unlimited access to network resources
2014-02-27 16:26:06.493 BaiduCaifu[33689:80b] WARNING: The splashscreen image named Default-Portrait was not found
2014-02-27 16:26:06.501 BaiduCaifu[33689:80b] [CDVTimer][splashscreen] 37.388027ms
2014-02-27 16:26:06.504 BaiduCaifu[33689:80b] [CDVTimer][TotalPluginStartup] 39.744020ms
2014-02-27 16:26:06.518 BaiduCaifu[33689:80b] WARNING: The splashscreen image named Default-Portrait was not found
2014-02-27 16:26:06.537 BaiduCaifu[33689:80b] WARNING: The splashscreen image named Default-Portrait was not found
2014-02-27 16:26:06.550 BaiduCaifu[33689:80b] WARNING: The splashscreen image named Default-Portrait was not found
2014-02-27 16:26:06.833 BaiduCaifu[33689:80b] Resetting plugins due to page load.
2014-02-27 16:26:06.999 BaiduCaifu[33689:80b] Finished load of: file:///Users/Virola/Library/Application%20Support/iPhone%20Simulator/7.0.3/Applications/8FF8EBCD-C41F-4917-816D-CED95475FF68/BaiduCaifu.app/www/index.html
2014-02-27 16:26:07.226 BaiduCaifu[33689:80b] THREAD WARNING: ['Notification'] took '26.474854' ms. Plugin should use a background thread.
Terminating in response to SpringBoard's termination.
2014-02-27 17:58:04.399 BaiduCaifu[34726:80b] Multi-tasking -> Device: YES, App: YES
2014-02-27 17:58:04.443 BaiduCaifu[34726:80b] Unlimited access to network resources
2014-02-27 17:58:04.842 BaiduCaifu[34726:80b] [CDVTimer][splashscreen] 56.973994ms
2014-02-27 17:58:04.843 BaiduCaifu[34726:80b] [CDVTimer][TotalPluginStartup] 57.758033ms
2014-02-27 17:58:05.055 BaiduCaifu[34726:80b] Resetting plugins due to page load.
2014-02-27 17:58:05.164 BaiduCaifu[34726:80b] Finished load of: file:///Users/Virola/Library/Application%20Support/iPhone%20Simulator/7.0.3/Applications/8FF8EBCD-C41F-4917-816D-CED95475FF68/BaiduCaifu.app/www/index.html
2014-02-27 18:05:28.165 BaiduCaifu[34880:80b] Multi-tasking -> Device: YES, App: YES
2014-02-27 18:05:28.184 BaiduCaifu[34880:80b] Unlimited access to network resources
2014-02-27 18:05:28.248 BaiduCaifu[34880:80b] [CDVTimer][splashscreen] 19.896030ms
2014-02-27 18:05:28.249 BaiduCaifu[34880:80b] [CDVTimer][TotalPluginStartup] 20.658970ms
2014-02-27 18:05:28.506 BaiduCaifu[34880:80b] Resetting plugins due to page load.
2014-02-27 18:05:28.677 BaiduCaifu[34880:80b] Finished load of: file:///Users/Virola/Library/Application%20Support/iPhone%20Simulator/7.0.3/Applications/8FF8EBCD-C41F-4917-816D-CED95475FF68/BaiduCaifu.app/www/index.html
2014-02-27 18:05:28.822 BaiduCaifu[34880:80b] THREAD WARNING: ['Notification'] took '49.576172' ms. Plugin should use a background thread.
2014-02-27 18:09:09.562 BaiduCaifu[35017:80b] Multi-tasking -> Device: YES, App: YES
2014-02-27 18:09:09.575 BaiduCaifu[35017:80b] Unlimited access to network resources
2014-02-27 18:09:09.622 BaiduCaifu[35017:80b] [CDVTimer][splashscreen] 11.303008ms
2014-02-27 18:09:09.623 BaiduCaifu[35017:80b] [CDVTimer][TotalPluginStartup] 12.149990ms
2014-02-27 18:09:09.919 BaiduCaifu[35017:80b] Resetting plugins due to page load.
2014-02-27 18:09:10.099 BaiduCaifu[35017:80b] Finished load of: file:///Users/Virola/Library/Application%20Support/iPhone%20Simulator/7.0.3/Applications/8FF8EBCD-C41F-4917-816D-CED95475FF68/BaiduCaifu.app/www/index.html
2014-02-27 18:09:10.265 BaiduCaifu[35017:80b] THREAD WARNING: ['Notification'] took '52.018066' ms. Plugin should use a background thread.
2014-02-27 18:10:29.555 BaiduCaifu[35144:80b] Multi-tasking -> Device: YES, App: YES
2014-02-27 18:10:29.565 BaiduCaifu[35144:80b] Unlimited access to network resources
2014-02-27 18:10:29.619 BaiduCaifu[35144:80b] [CDVTimer][splashscreen] 17.201960ms
2014-02-27 18:10:29.621 BaiduCaifu[35144:80b] [CDVTimer][TotalPluginStartup] 19.222021ms
2014-02-27 18:10:29.983 BaiduCaifu[35144:80b] Resetting plugins due to page load.
2014-02-27 18:10:30.096 BaiduCaifu[35144:80b] Finished load of: file:///Users/Virola/Library/Application%20Support/iPhone%20Simulator/7.0.3/Applications/8FF8EBCD-C41F-4917-816D-CED95475FF68/BaiduCaifu.app/www/index.html
2014-02-27 18:10:30.317 BaiduCaifu[35144:80b] -[__NSDictionaryM length]: unrecognized selector sent to instance 0xa6a6b50
2014-02-27 18:10:30.383 BaiduCaifu[35144:80b] *** Terminating app due to uncaught exception 'NSInvalidArgumentException', reason: '-[__NSDictionaryM length]: unrecognized selector sent to instance 0xa6a6b50'
*** First throw call stack:
(
	0   CoreFoundation                      0x000d55e4 __exceptionPreprocess + 180
	1   libobjc.A.dylib                     0x020cf8b6 objc_exception_throw + 44
	2   CoreFoundation                      0x00172903 -[NSObject(NSObject) doesNotRecognizeSelector:] + 275
	3   CoreFoundation                      0x000c590b ___forwarding___ + 1019
	4   CoreFoundation                      0x000c54ee _CF_forwarding_prep_0 + 14
	5   Foundation                          0x01d148ed -[NSConcreteMutableAttributedString replaceCharactersInRange:withString:] + 39
	6   Foundation                          0x01d1555a -[NSConcreteMutableAttributedString initWithString:attributes:] + 293
	7   UIKit                               0x004e8bc6 -[UILabel _setText:] + 97
	8   UIKit                               0x004e8d84 -[UILabel setText:] + 40
	9   UIKit                               0x0081684a -[UIAlertView(Private) setBodyText:] + 74
	10  UIKit                               0x00821f86 -[UIAlertView setMessage:] + 40
	11  UIKit                               0x008225fe -[UIAlertView initWithTitle:message:delegate:cancelButtonTitle:otherButtonTitles:] + 134
	12  BaiduCaifu                          0x00024f36 -[CDVNotification showDialogWithMessage:title:buttons:defaultText:callbackId:dialogType:] + 342
	13  BaiduCaifu                          0x00025366 -[CDVNotification alert:] + 406
	14  BaiduCaifu                          0x0001af06 -[CDVCommandQueue execute:] + 902
	15  BaiduCaifu                          0x0001a721 -[CDVCommandQueue executePending] + 865
	16  libobjc.A.dylib                     0x020e181f -[NSObject performSelector:withObject:] + 70
	17  Foundation                          0x01d249d8 __NSThreadPerformPerform + 285
	18  CoreFoundation                      0x0005e83f __CFRUNLOOP_IS_CALLING_OUT_TO_A_SOURCE0_PERFORM_FUNCTION__ + 15
	19  CoreFoundation                      0x0005e1cb __CFRunLoopDoSources0 + 235
	20  CoreFoundation                      0x0007b29e __CFRunLoopRun + 910
	21  CoreFoundation                      0x0007aac3 CFRunLoopRunSpecific + 467
	22  CoreFoundation                      0x0007a8db CFRunLoopRunInMode + 123
	23  GraphicsServices                    0x035719e2 GSEventRunModal + 192
	24  GraphicsServices                    0x03571809 GSEventRun + 104
	25  UIKit                               0x0033bd3b UIApplicationMain + 1225
	26  BaiduCaifu                          0x000211fc main + 92
	27  BaiduCaifu                          0x0002118d start + 53
)
libc++abi.dylib: terminating with uncaught exception of type NSException
2014-02-27 18:12:11.380 BaiduCaifu[35276:80b] Multi-tasking -> Device: YES, App: YES
2014-02-27 18:12:11.390 BaiduCaifu[35276:80b] Unlimited access to network resources
2014-02-27 18:12:11.423 BaiduCaifu[35276:80b] [CDVTimer][splashscreen] 10.589004ms
2014-02-27 18:12:11.424 BaiduCaifu[35276:80b] [CDVTimer][TotalPluginStartup] 11.209965ms
2014-02-27 18:12:11.641 BaiduCaifu[35276:80b] Resetting plugins due to page load.
2014-02-27 18:12:11.783 BaiduCaifu[35276:80b] Finished load of: file:///Users/Virola/Library/Application%20Support/iPhone%20Simulator/7.0.3/Applications/8FF8EBCD-C41F-4917-816D-CED95475FF68/BaiduCaifu.app/www/index.html
2014-02-27 18:12:12.013 BaiduCaifu[35276:80b] THREAD WARNING: ['Notification'] took '47.438965' ms. Plugin should use a background thread.
2014-02-27 18:13:00.183 BaiduCaifu[35397:80b] Multi-tasking -> Device: YES, App: YES
2014-02-27 18:13:00.194 BaiduCaifu[35397:80b] Unlimited access to network resources
2014-02-27 18:13:00.237 BaiduCaifu[35397:80b] [CDVTimer][splashscreen] 12.836039ms
2014-02-27 18:13:00.237 BaiduCaifu[35397:80b] [CDVTimer][TotalPluginStartup] 13.650000ms
2014-02-27 18:13:00.488 BaiduCaifu[35397:80b] Resetting plugins due to page load.
2014-02-27 18:13:00.701 BaiduCaifu[35397:80b] Finished load of: file:///Users/Virola/Library/Application%20Support/iPhone%20Simulator/7.0.3/Applications/8FF8EBCD-C41F-4917-816D-CED95475FF68/BaiduCaifu.app/www/index.html
2014-02-27 18:13:38.403 BaiduCaifu[35397:80b] Resetting plugins due to page load.
2014-02-27 18:13:41.122 BaiduCaifu[35397:80b] Finished load of: http://www.bankrate.com.cn/Fund/590010?utm_source=c10&utm_medium=click&utm_campaign=c10
Terminating in response to SpringBoard's termination.
2014-02-27 18:16:32.290 BaiduCaifu[35544:80b] Multi-tasking -> Device: YES, App: YES
2014-02-27 18:16:32.355 BaiduCaifu[35544:80b] Unlimited access to network resources
2014-02-27 18:16:32.662 BaiduCaifu[35544:80b] [CDVTimer][splashscreen] 51.798046ms
2014-02-27 18:16:32.664 BaiduCaifu[35544:80b] [CDVTimer][TotalPluginStartup] 53.898990ms
2014-02-27 18:16:32.887 BaiduCaifu[35544:80b] Resetting plugins due to page load.
2014-02-27 18:16:33.023 BaiduCaifu[35544:80b] Finished load of: file:///Users/Virola/Library/Application%20Support/iPhone%20Simulator/7.0.3/Applications/8FF8EBCD-C41F-4917-816D-CED95475FF68/BaiduCaifu.app/www/index.html
2014-02-27 18:19:47.858 BaiduCaifu[35677:80b] Multi-tasking -> Device: YES, App: YES
2014-02-27 18:19:47.868 BaiduCaifu[35677:80b] Unlimited access to network resources
2014-02-27 18:19:47.906 BaiduCaifu[35677:80b] [CDVTimer][splashscreen] 11.578023ms
2014-02-27 18:19:47.906 BaiduCaifu[35677:80b] [CDVTimer][TotalPluginStartup] 12.168050ms
2014-02-27 18:19:48.173 BaiduCaifu[35677:80b] Resetting plugins due to page load.
2014-02-27 18:19:48.318 BaiduCaifu[35677:80b] Finished load of: file:///Users/Virola/Library/Application%20Support/iPhone%20Simulator/7.0.3/Applications/8FF8EBCD-C41F-4917-816D-CED95475FF68/BaiduCaifu.app/www/index.html
2014-02-27 18:20:30.371 BaiduCaifu[35799:80b] Multi-tasking -> Device: YES, App: YES
2014-02-27 18:20:30.385 BaiduCaifu[35799:80b] Unlimited access to network resources
2014-02-27 18:20:30.427 BaiduCaifu[35799:80b] [CDVTimer][splashscreen] 12.758017ms
2014-02-27 18:20:30.429 BaiduCaifu[35799:80b] [CDVTimer][TotalPluginStartup] 15.214026ms
2014-02-27 18:20:30.754 BaiduCaifu[35799:80b] Resetting plugins due to page load.
2014-02-27 18:20:30.910 BaiduCaifu[35799:80b] Finished load of: file:///Users/Virola/Library/Application%20Support/iPhone%20Simulator/7.0.3/Applications/8FF8EBCD-C41F-4917-816D-CED95475FF68/BaiduCaifu.app/www/index.html
2014-02-27 18:22:36.628 BaiduCaifu[35937:80b] Multi-tasking -> Device: YES, App: YES
2014-02-27 18:22:36.640 BaiduCaifu[35937:80b] Unlimited access to network resources
2014-02-27 18:22:36.678 BaiduCaifu[35937:80b] [CDVTimer][splashscreen] 11.475027ms
2014-02-27 18:22:36.678 BaiduCaifu[35937:80b] [CDVTimer][TotalPluginStartup] 12.079000ms
2014-02-27 18:22:36.989 BaiduCaifu[35937:80b] Resetting plugins due to page load.
2014-02-27 18:22:37.140 BaiduCaifu[35937:80b] Finished load of: file:///Users/Virola/Library/Application%20Support/iPhone%20Simulator/7.0.3/Applications/8FF8EBCD-C41F-4917-816D-CED95475FF68/BaiduCaifu.app/www/index.html
2014-02-27 18:23:41.965 BaiduCaifu[36062:80b] Multi-tasking -> Device: YES, App: YES
2014-02-27 18:23:41.977 BaiduCaifu[36062:80b] Unlimited access to network resources
2014-02-27 18:23:42.016 BaiduCaifu[36062:80b] [CDVTimer][splashscreen] 12.530029ms
2014-02-27 18:23:42.019 BaiduCaifu[36062:80b] [CDVTimer][TotalPluginStartup] 15.334964ms
2014-02-27 18:23:42.089 BaiduCaifu[36062:80b] Resetting plugins due to page load.
2014-02-27 18:23:42.498 BaiduCaifu[36062:80b] Finished load of: file:///Users/Virola/Library/Application%20Support/iPhone%20Simulator/7.0.3/Applications/8FF8EBCD-C41F-4917-816D-CED95475FF68/BaiduCaifu.app/www/index.html
2014-02-27 18:24:21.534 BaiduCaifu[36184:80b] Multi-tasking -> Device: YES, App: YES
2014-02-27 18:24:21.544 BaiduCaifu[36184:80b] Unlimited access to network resources
2014-02-27 18:24:21.584 BaiduCaifu[36184:80b] [CDVTimer][splashscreen] 13.185978ms
2014-02-27 18:24:21.585 BaiduCaifu[36184:80b] [CDVTimer][TotalPluginStartup] 13.942003ms
2014-02-27 18:24:21.949 BaiduCaifu[36184:80b] Resetting plugins due to page load.
2014-02-27 18:24:22.045 BaiduCaifu[36184:80b] Finished load of: file:///Users/Virola/Library/Application%20Support/iPhone%20Simulator/7.0.3/Applications/8FF8EBCD-C41F-4917-816D-CED95475FF68/BaiduCaifu.app/www/index.html
Terminating in response to SpringBoard's termination.
2014-02-27 18:26:07.865 BaiduCaifu[36387:80b] Multi-tasking -> Device: YES, App: YES
2014-02-27 18:26:07.877 BaiduCaifu[36387:80b] Unlimited access to network resources
2014-02-27 18:26:07.917 BaiduCaifu[36387:80b] [CDVTimer][splashscreen] 11.949003ms
2014-02-27 18:26:07.917 BaiduCaifu[36387:80b] [CDVTimer][TotalPluginStartup] 12.557983ms
2014-02-27 18:26:08.063 BaiduCaifu[36387:80b] Resetting plugins due to page load.
2014-02-27 18:26:08.226 BaiduCaifu[36387:80b] Finished load of: file:///Users/Virola/Library/Application%20Support/iPhone%20Simulator/7.0.3/Applications/8FF8EBCD-C41F-4917-816D-CED95475FF68/BaiduCaifu.app/www/index.html
2014-02-27 18:26:56.740 BaiduCaifu[36509:80b] Multi-tasking -> Device: YES, App: YES
2014-02-27 18:26:56.751 BaiduCaifu[36509:80b] Unlimited access to network resources
2014-02-27 18:26:56.790 BaiduCaifu[36509:80b] [CDVTimer][splashscreen] 12.431026ms
2014-02-27 18:26:56.791 BaiduCaifu[36509:80b] [CDVTimer][TotalPluginStartup] 13.617992ms
2014-02-27 18:26:56.874 BaiduCaifu[36509:80b] Resetting plugins due to page load.
2014-02-27 18:26:57.047 BaiduCaifu[36509:80b] Finished load of: file:///Users/Virola/Library/Application%20Support/iPhone%20Simulator/7.0.3/Applications/8FF8EBCD-C41F-4917-816D-CED95475FF68/BaiduCaifu.app/www/index.html
2014-02-27 18:27:29.133 BaiduCaifu[36629:80b] Multi-tasking -> Device: YES, App: YES
2014-02-27 18:27:29.144 BaiduCaifu[36629:80b] Unlimited access to network resources
2014-02-27 18:27:29.179 BaiduCaifu[36629:80b] [CDVTimer][splashscreen] 11.247039ms
2014-02-27 18:27:29.180 BaiduCaifu[36629:80b] [CDVTimer][TotalPluginStartup] 12.215972ms
2014-02-27 18:27:29.252 BaiduCaifu[36629:80b] Resetting plugins due to page load.
2014-02-27 18:27:29.649 BaiduCaifu[36629:80b] Finished load of: file:///Users/Virola/Library/Application%20Support/iPhone%20Simulator/7.0.3/Applications/8FF8EBCD-C41F-4917-816D-CED95475FF68/BaiduCaifu.app/www/index.html
2014-02-28 11:27:50.307 BaiduCaifu[37842:80b] Multi-tasking -> Device: YES, App: YES
2014-02-28 11:27:50.367 BaiduCaifu[37842:80b] Unlimited access to network resources
2014-02-28 11:27:50.821 BaiduCaifu[37842:80b] [CDVTimer][splashscreen] 66.979051ms
2014-02-28 11:27:50.822 BaiduCaifu[37842:80b] [CDVTimer][TotalPluginStartup] 68.324983ms
2014-02-28 11:27:51.003 BaiduCaifu[37842:80b] Resetting plugins due to page load.
2014-02-28 11:27:51.115 BaiduCaifu[37842:80b] Finished load of: file:///Users/Virola/Library/Application%20Support/iPhone%20Simulator/7.0.3/Applications/8FF8EBCD-C41F-4917-816D-CED95475FF68/BaiduCaifu.app/www/index.html
2014-02-28 11:31:17.620 BaiduCaifu[37986:80b] Multi-tasking -> Device: YES, App: YES
2014-02-28 11:31:17.650 BaiduCaifu[37986:80b] Unlimited access to network resources
2014-02-28 11:31:17.812 BaiduCaifu[37986:80b] [CDVTimer][splashscreen] 27.751982ms
2014-02-28 11:31:17.827 BaiduCaifu[37986:80b] [CDVTimer][TotalPluginStartup] 43.073952ms
2014-02-28 11:31:18.101 BaiduCaifu[37986:80b] Resetting plugins due to page load.
2014-02-28 11:31:18.305 BaiduCaifu[37986:80b] Finished load of: file:///Users/Virola/Library/Application%20Support/iPhone%20Simulator/7.0.3/Applications/8FF8EBCD-C41F-4917-816D-CED95475FF68/BaiduCaifu.app/www/index.html
2014-02-28 11:33:58.501 BaiduCaifu[38123:80b] Multi-tasking -> Device: YES, App: YES
2014-02-28 11:33:58.514 BaiduCaifu[38123:80b] Unlimited access to network resources
2014-02-28 11:33:58.556 BaiduCaifu[38123:80b] [CDVTimer][splashscreen] 13.082027ms
2014-02-28 11:33:58.557 BaiduCaifu[38123:80b] [CDVTimer][TotalPluginStartup] 13.677001ms
2014-02-28 11:33:58.839 BaiduCaifu[38123:80b] Resetting plugins due to page load.
2014-02-28 11:33:59.049 BaiduCaifu[38123:80b] Finished load of: file:///Users/Virola/Library/Application%20Support/iPhone%20Simulator/7.0.3/Applications/8FF8EBCD-C41F-4917-816D-CED95475FF68/BaiduCaifu.app/www/index.html
2014-02-28 11:35:05.364 BaiduCaifu[38284:80b] Multi-tasking -> Device: YES, App: YES
2014-02-28 11:35:05.375 BaiduCaifu[38284:80b] Unlimited access to network resources
2014-02-28 11:35:05.420 BaiduCaifu[38284:80b] [CDVTimer][splashscreen] 14.124990ms
2014-02-28 11:35:05.421 BaiduCaifu[38284:80b] [CDVTimer][TotalPluginStartup] 14.769018ms
2014-02-28 11:35:05.755 BaiduCaifu[38284:80b] Resetting plugins due to page load.
2014-02-28 11:35:05.971 BaiduCaifu[38284:80b] Finished load of: file:///Users/Virola/Library/Application%20Support/iPhone%20Simulator/7.0.3/Applications/8FF8EBCD-C41F-4917-816D-CED95475FF68/BaiduCaifu.app/www/index.html
2014-02-28 11:35:50.928 BaiduCaifu[38407:80b] Multi-tasking -> Device: YES, App: YES
2014-02-28 11:35:50.939 BaiduCaifu[38407:80b] Unlimited access to network resources
2014-02-28 11:35:50.986 BaiduCaifu[38407:80b] [CDVTimer][splashscreen] 15.677989ms
2014-02-28 11:35:50.987 BaiduCaifu[38407:80b] [CDVTimer][TotalPluginStartup] 16.875982ms
2014-02-28 11:35:51.331 BaiduCaifu[38407:80b] Resetting plugins due to page load.
2014-02-28 11:35:51.463 BaiduCaifu[38407:80b] Finished load of: file:///Users/Virola/Library/Application%20Support/iPhone%20Simulator/7.0.3/Applications/8FF8EBCD-C41F-4917-816D-CED95475FF68/BaiduCaifu.app/www/index.html
2014-02-28 11:41:36.087 BaiduCaifu[38601:80b] Multi-tasking -> Device: YES, App: YES
2014-02-28 11:41:36.099 BaiduCaifu[38601:80b] Unlimited access to network resources
2014-02-28 11:41:36.148 BaiduCaifu[38601:80b] [CDVTimer][splashscreen] 15.995026ms
2014-02-28 11:41:36.149 BaiduCaifu[38601:80b] [CDVTimer][TotalPluginStartup] 16.844988ms
2014-02-28 11:41:36.508 BaiduCaifu[38601:80b] Resetting plugins due to page load.
2014-02-28 11:41:36.643 BaiduCaifu[38601:80b] Finished load of: file:///Users/Virola/Library/Application%20Support/iPhone%20Simulator/7.0.3/Applications/8FF8EBCD-C41F-4917-816D-CED95475FF68/BaiduCaifu.app/www/index.html
2014-02-28 13:48:16.006 BaiduCaifu[41094:80b] Multi-tasking -> Device: YES, App: YES
2014-02-28 13:48:16.044 BaiduCaifu[41094:80b] Unlimited access to network resources
2014-02-28 13:48:16.450 BaiduCaifu[41094:80b] [CDVTimer][splashscreen] 56.820989ms
2014-02-28 13:48:16.455 BaiduCaifu[41094:80b] [CDVTimer][TotalPluginStartup] 61.326981ms
2014-02-28 13:48:16.723 BaiduCaifu[41094:80b] Resetting plugins due to page load.
2014-02-28 13:48:16.843 BaiduCaifu[41094:80b] Finished load of: file:///Users/Virola/Library/Application%20Support/iPhone%20Simulator/7.0.3/Applications/8FF8EBCD-C41F-4917-816D-CED95475FF68/BaiduCaifu.app/www/index.html
2014-02-28 15:37:27.274 BaiduCaifu[43992:80b] Multi-tasking -> Device: YES, App: YES
2014-02-28 15:37:27.342 BaiduCaifu[43992:80b] Unlimited access to network resources
2014-02-28 15:37:27.598 BaiduCaifu[43992:80b] [CDVTimer][splashscreen] 55.514991ms
2014-02-28 15:37:27.598 BaiduCaifu[43992:80b] [CDVTimer][TotalPluginStartup] 56.180954ms
2014-02-28 15:37:27.834 BaiduCaifu[43992:80b] Resetting plugins due to page load.
2014-02-28 15:37:27.945 BaiduCaifu[43992:80b] Finished load of: file:///Users/Virola/Library/Application%20Support/iPhone%20Simulator/7.0.3/Applications/8FF8EBCD-C41F-4917-816D-CED95475FF68/BaiduCaifu.app/www/index.html
2014-02-28 15:39:03.131 BaiduCaifu[44123:80b] Multi-tasking -> Device: YES, App: YES
2014-02-28 15:39:03.180 BaiduCaifu[44123:80b] Unlimited access to network resources
2014-02-28 15:39:03.235 BaiduCaifu[44123:80b] [CDVTimer][splashscreen] 18.036008ms
2014-02-28 15:39:03.245 BaiduCaifu[44123:80b] [CDVTimer][TotalPluginStartup] 28.219998ms
2014-02-28 15:39:03.553 BaiduCaifu[44123:80b] Resetting plugins due to page load.
2014-02-28 15:39:03.656 BaiduCaifu[44123:80b] Finished load of: file:///Users/Virola/Library/Application%20Support/iPhone%20Simulator/7.0.3/Applications/8FF8EBCD-C41F-4917-816D-CED95475FF68/BaiduCaifu.app/www/index.html
2014-02-28 15:45:10.828 BaiduCaifu[44280:80b] Multi-tasking -> Device: YES, App: YES
2014-02-28 15:45:10.840 BaiduCaifu[44280:80b] Unlimited access to network resources
2014-02-28 15:45:10.885 BaiduCaifu[44280:80b] [CDVTimer][splashscreen] 12.975037ms
2014-02-28 15:45:10.888 BaiduCaifu[44280:80b] [CDVTimer][TotalPluginStartup] 15.819013ms
2014-02-28 15:45:11.173 BaiduCaifu[44280:80b] Resetting plugins due to page load.
2014-02-28 15:45:11.401 BaiduCaifu[44280:80b] Finished load of: file:///Users/Virola/Library/Application%20Support/iPhone%20Simulator/7.0.3/Applications/8FF8EBCD-C41F-4917-816D-CED95475FF68/BaiduCaifu.app/www/index.html
2014-02-28 15:46:59.522 BaiduCaifu[44495:80b] Multi-tasking -> Device: YES, App: YES
2014-02-28 15:46:59.532 BaiduCaifu[44495:80b] Unlimited access to network resources
2014-02-28 15:46:59.569 BaiduCaifu[44495:80b] [CDVTimer][splashscreen] 10.766029ms
2014-02-28 15:46:59.570 BaiduCaifu[44495:80b] [CDVTimer][TotalPluginStartup] 11.839986ms
2014-02-28 15:46:59.695 BaiduCaifu[44495:80b] Resetting plugins due to page load.
2014-02-28 15:46:59.987 BaiduCaifu[44495:80b] Finished load of: file:///Users/Virola/Library/Application%20Support/iPhone%20Simulator/7.0.3/Applications/8FF8EBCD-C41F-4917-816D-CED95475FF68/BaiduCaifu.app/www/index.html
2014-02-28 15:47:00.201 BaiduCaifu[44495:80b] requesting...
2014-02-28 15:47:00.213 BaiduCaifu[44495:80b] THREAD WARNING: ['Console'] took '12.219971' ms. Plugin should use a background thread.
2014-02-28 15:49:16.659 BaiduCaifu[44752:80b] Multi-tasking -> Device: YES, App: YES
2014-02-28 15:49:16.670 BaiduCaifu[44752:80b] Unlimited access to network resources
2014-02-28 15:49:16.703 BaiduCaifu[44752:80b] [CDVTimer][splashscreen] 9.689987ms
2014-02-28 15:49:16.703 BaiduCaifu[44752:80b] [CDVTimer][TotalPluginStartup] 10.159969ms
2014-02-28 15:49:17.056 BaiduCaifu[44752:80b] Resetting plugins due to page load.
2014-02-28 15:49:17.157 BaiduCaifu[44752:80b] Finished load of: file:///Users/Virola/Library/Application%20Support/iPhone%20Simulator/7.0.3/Applications/8FF8EBCD-C41F-4917-816D-CED95475FF68/BaiduCaifu.app/www/index.html
2014-02-28 15:49:17.244 BaiduCaifu[44752:80b] requesting...
2014-02-28 15:49:25.483 BaiduCaifu[44752:80b] requesting...
2014-02-28 15:49:32.169 BaiduCaifu[44752:80b] requesting...
2014-02-28 15:51:43.671 BaiduCaifu[44906:80b] Multi-tasking -> Device: YES, App: YES
2014-02-28 15:51:43.684 BaiduCaifu[44906:80b] Unlimited access to network resources
2014-02-28 15:51:43.734 BaiduCaifu[44906:80b] [CDVTimer][splashscreen] 17.039955ms
2014-02-28 15:51:43.737 BaiduCaifu[44906:80b] [CDVTimer][TotalPluginStartup] 20.545959ms
2014-02-28 15:51:44.020 BaiduCaifu[44906:80b] Resetting plugins due to page load.
2014-02-28 15:51:44.220 BaiduCaifu[44906:80b] Finished load of: file:///Users/Virola/Library/Application%20Support/iPhone%20Simulator/7.0.3/Applications/8FF8EBCD-C41F-4917-816D-CED95475FF68/BaiduCaifu.app/www/index.html
2014-02-28 15:51:44.323 BaiduCaifu[44906:80b] requesting...page:1
2014-02-28 15:51:44.439 BaiduCaifu[44906:80b] success: page:1
2014-02-28 15:51:49.774 BaiduCaifu[44906:80b] requesting...page:undefined
2014-02-28 15:51:49.803 BaiduCaifu[44906:80b] success: page:0
2014-02-28 15:52:26.157 BaiduCaifu[45037:80b] Multi-tasking -> Device: YES, App: YES
2014-02-28 15:52:26.165 BaiduCaifu[45037:80b] Unlimited access to network resources
2014-02-28 15:52:26.203 BaiduCaifu[45037:80b] [CDVTimer][splashscreen] 14.217019ms
2014-02-28 15:52:26.204 BaiduCaifu[45037:80b] [CDVTimer][TotalPluginStartup] 15.199959ms
2014-02-28 15:52:26.478 BaiduCaifu[45037:80b] Resetting plugins due to page load.
2014-02-28 15:52:26.608 BaiduCaifu[45037:80b] Finished load of: file:///Users/Virola/Library/Application%20Support/iPhone%20Simulator/7.0.3/Applications/8FF8EBCD-C41F-4917-816D-CED95475FF68/BaiduCaifu.app/www/index.html
2014-02-28 15:52:26.677 BaiduCaifu[45037:80b] requesting...page:1
2014-02-28 15:52:26.818 BaiduCaifu[45037:80b] success: page:1
2014-02-28 15:52:30.534 BaiduCaifu[45037:80b] requesting...page:2
2014-02-28 15:52:30.616 BaiduCaifu[45037:80b] success: page:2
2014-02-28 15:52:30.617 BaiduCaifu[45037:80b] ["<li><a><div class=\"info\"><h4>平安财富-周末发（保本）现金管理类2014年</h4><p class=\"level\">保守型 | 平安银行</p><p>投资领域: 货币票据</p><p>起投金额: 500万</p><p>投资周期: 1个月</p></div><div class=\"rate\"><i>保本浮动收益</i><h5>预期收益率</h5><p>3.95</p></div></a></li>","<li><a><div class=\"info\"><h4>动态灵活配置混合</h4><p class=\"level\">稳健型 | 华安基金</p><p>投资领域: 股票、债券</p><p>起投金额: 1000元</p><p>投资周期: 一个月以下</p></div><div class=\"rate\"><i>保本浮动收益</i><h5>年净值增长率</h5><p>27.84</p></div></a></li>","<li><a><div class=\"info\"><h4>逆向策略股票</h4><p class=\"level\">稳健型 | 华安基金</p><p>投资领域: 股票市场</p><p>起投金额: 1000元</p><p>投资周期: 一个月以下</p></div><div class=\"rate\"><i>保本浮动收益</i><h5>年净值增长率</h5><p>35.51</p></div></a></li>","<li><a><div class=\"info\"><h4>富国国有企业债债券A/B</h4><p class=\"level\">稳健型 | 富国基金</p><p>投资领域: 债券混合</p><p>起投金额: 100元</p><p>投资周期: 一个月以下</p></div><div class=\"rate\"><i>保本浮动收益</i><h5>年净值增长率</h5><p>0.80</p></div></a></li>","<li><a><div class=\"info\"><h4>中银理财30天债券A</h4><p class=\"level\">稳健型 | 中银基金</p><p>投资领域: 债券混合</p><p>起投金额: 1000元</p><p>投资周期: 一个月以下</p></div><div class=\"rate\"><i>保本浮动收益</i><h5>年净值增长率</h5><p>-70.55</p></div></a></li>","<li><a><div class=\"info\"><h4>中银盛利定期开放债券(LOF)</h4><p class=\"level\">稳健型 | 中银基金</p><p>投资领域: 债券混合</p><p>起投金额: 1000元</p><p>投资周期: 一个月以下</p></div><div class=\"rate\"><i>保本浮动收益</i><h5>年净值增长率</h5><p>0.00</p></div></a></li>","<li><a><div class=\"info\"><h4>宝利B</h4><p class=\"level\">稳健型 | 安信基金</p><p>投资领域: 债券混合</p><p>起投金额: 5万</p><p>投资周期: 一个月以下</p></div><div class=\"rate\"><i>保本浮动收益</i><h5>年净值增长率</h5><p>-2.00</p></div></a></li>","<li><a><div class=\"info\"><h4>浦银安盛6个月定期债券C</h4><p class=\"level\">稳健型 | 浦银安盛基金</p><p>投资领域: 债券混合</p><p>起投金额: 1000元</p><p>投资周期: 一个月以下</p></div><div class=\"rate\"><i>保本浮动收益</i><h5>年净值增长率</h5><p>-5.10</p></div></a></li>","<li><a><div class=\"info\"><h4>鹏华丰实定期开放债券A</h4><p class=\"level\">稳健型 | 鹏华基金</p><p>投资领域: 债券混合</p><p>起投金额: 1000元</p><p>投资周期: 一个月以下</p></div><div class=\"rate\"><i>保本浮动收益</i><h5>年净值增长率</h5><p>-3.70</p></div></a></li>","<li><a><div class=\"info\"><h4>中银添利债券发起</h4><p class=\"level\">稳健型 | 中银基金</p><p>投资领域: 债券混合</p><p>起投金额: 1000元</p><p>投资周期: 一个月以下</p></div><div class=\"rate\"><i>保本浮动收益</i><h5>年净值增长率</h5><p>1.00</p></div></a></li>"]
2014-02-28 15:52:35.738 BaiduCaifu[45037:80b] requesting...page:3
2014-02-28 15:52:35.803 BaiduCaifu[45037:80b] success: page:3
2014-02-28 15:52:35.804 BaiduCaifu[45037:80b] ["<li><a><div class=\"info\"><h4>鹏华双债保利债券</h4><p class=\"level\">稳健型 | 鹏华基金</p><p>投资领域: 债券混合</p><p>起投金额: 1000元</p><p>投资周期: 一个月以下</p></div><div class=\"rate\"><i>保本浮动收益</i><h5>年净值增长率</h5><p>1.50</p></div></a></li>","<li><a><div class=\"info\"><h4>平安财富-私行专享尊贵组合A资产管理类201</h4><p class=\"level\">稳健型 | 平安银行</p><p>投资领域: 商品期货</p><p>起投金额: 100万</p><p>投资周期: 3个月</p></div><div class=\"rate\"><i>保本浮动收益</i><h5>预期收益率</h5><p>6.45</p></div></a></li>","<li><a><div class=\"info\"><h4>交银双轮动债券A/B</h4><p class=\"level\">稳健型 | 交银施罗德基金</p><p>投资领域: 债券混合</p><p>起投金额: 1000元</p><p>投资周期: 一个月以下</p></div><div class=\"rate\"><i>保本浮动收益</i><h5>年净值增长率</h5><p>1.30</p></div></a></li>","<li><a><div class=\"info\"><h4>光大保德信添天盈季度理财券B</h4><p class=\"level\">稳健型 | 光大保德信基金</p><p>投资领域: 债券混合</p><p>起投金额: 500万</p><p>投资周期: 一个月以下</p></div><div class=\"rate\"><i>保本浮动收益</i><h5>年净值增长率</h5><p>6.75</p></div></a></li>","<li><a><div class=\"info\"><h4>平安财富尊贵组合A资产管理类2014年12期人</h4><p class=\"level\">稳健型 | 平安银行</p><p>投资领域: 商品期货</p><p>起投金额: 100万</p><p>投资周期: 3个月</p></div><div class=\"rate\"><i>保本浮动收益</i><h5>预期收益率</h5><p>6.35</p></div></a></li>","<li><a><div class=\"info\"><h4>新华纯债添利债券发起A</h4><p class=\"level\">稳健型 | 新华基金</p><p>投资领域: 债券混合</p><p>起投金额: 500元</p><p>投资周期: 一个月以下</p></div><div class=\"rate\"><i>保本浮动收益</i><h5>年净值增长率</h5><p>2.27</p></div></a></li>","<li><a><div class=\"info\"><h4>“金钥匙·安心得利”2014年第1139期网银</h4><p class=\"level\">稳健型 | 农业银行</p><p>投资领域: 商品期货</p><p>起投金额: 5万</p><p>投资周期: 3个月</p></div><div class=\"rate\"><i>保本浮动收益</i><h5>预期收益率</h5><p>5.30</p></div></a></li>","<li><a><div class=\"info\"><h4>紫气东来稳健系列人民币理财计划148期HBGP</h4><p class=\"level\">稳健型 | 湖北银行</p><p>投资领域: 商品期货</p><p>起投金额: 5万</p><p>投资周期: 7个月</p></div><div class=\"rate\"><i>保本浮动收益</i><h5>预期收益率</h5><p>6.20</p></div></a></li>","<li><a><div class=\"info\"><h4>融通通泽一年目标触发式混合基金</h4><p class=\"level\">稳健型 | 融通基金</p><p>投资领域: 债券混合</p><p>起投金额: 1000元</p><p>投资周期: 一个月以下</p></div><div class=\"rate\"><i>保本浮动收益</i><h5>年净值增长率</h5><p>0.00</p></div></a></li>","<li><a><div class=\"info\"><h4>民生蓝筹</h4><p class=\"level\">稳健型 | 民生加银基金</p><p>投资领域: 债券混合</p><p>起投金额: 1000元</p><p>投资周期: 一个月以下</p></div><div class=\"rate\"><i>保本浮动收益</i><h5>年净值增长率</h5><p>8.37</p></div></a></li>"]
2014-02-28 15:52:39.967 BaiduCaifu[45037:80b] requesting...page:4
2014-02-28 15:52:40.031 BaiduCaifu[45037:80b] success: page:4
2014-02-28 15:52:40.031 BaiduCaifu[45037:80b] ["<li><a><div class=\"info\"><h4>个人专项理财2014年第97期同享盈计划23011</h4><p class=\"level\">稳健型 | 浦发银行</p><p>投资领域: 商品期货</p><p>起投金额: 30万</p><p>投资周期: 2个月</p></div><div class=\"rate\"><i>保本浮动收益</i><h5>预期收益率</h5><p>5.90</p></div></a></li>","<li><a><div class=\"info\"><h4>国富成长</h4><p class=\"level\">激进型 | 国海富兰克林基金</p><p>投资领域: 股票境外</p><p>起投金额: 1000元</p><p>投资周期: 一个月以下</p></div><div class=\"rate\"><i>保本浮动收益</i><h5>年净值增长率</h5><p>-7.87</p></div></a></li>","<li><a><div class=\"info\"><h4>华泰成长</h4><p class=\"level\">稳健型 | 华泰柏瑞基金</p><p>投资领域: 债券混合</p><p>起投金额: 1000元</p><p>投资周期: 一个月以下</p></div><div class=\"rate\"><i>保本浮动收益</i><h5>年净值增长率</h5><p>-2.29</p></div></a></li>","<li><a><div class=\"info\"><h4>大成保本</h4><p class=\"level\">稳健型 | 大成基金</p><p>投资领域: 债券混合</p><p>起投金额: 1000元</p><p>投资周期: 一个月以下</p></div><div class=\"rate\"><i>保本浮动收益</i><h5>年净值增长率</h5><p>-0.86</p></div></a></li>","<li><a><div class=\"info\"><h4>金鹰小盘</h4><p class=\"level\">激进型 | 金鹰基金</p><p>投资领域: 股票境外</p><p>起投金额: 500元</p><p>投资周期: 一个月以下</p></div><div class=\"rate\"><i>保本浮动收益</i><h5>年净值增长率</h5><p>18.32</p></div></a></li>","<li><a><div class=\"info\"><h4>华商稳健B</h4><p class=\"level\">稳健型 | 华商基金</p><p>投资领域: 债券混合</p><p>起投金额: 1000元</p><p>投资周期: 一个月以下</p></div><div class=\"rate\"><i>保本浮动收益</i><h5>年净值增长率</h5><p>3.39</p></div></a></li>","<li><a><div class=\"info\"><h4>嘉实多元Ａ</h4><p class=\"level\">稳健型 | 嘉实基金</p><p>投资领域: 债券混合</p><p>起投金额: 5000元</p><p>投资周期: 一个月以下</p></div><div class=\"rate\"><i>保本浮动收益</i><h5>年净值增长率</h5><p>-2.43</p></div></a></li>","<li><a><div class=\"info\"><h4>鹏华债券A</h4><p class=\"level\">稳健型 | 鹏华基金</p><p>投资领域: 债券混合</p><p>起投金额: 1000元</p><p>投资周期: 一个月以下</p></div><div class=\"rate\"><i>保本浮动收益</i><h5>年净值增长率</h5><p>-1.61</p></div></a></li>","<li><a><div class=\"info\"><h4>银河银信B</h4><p class=\"level\">稳健型 | 银河基金</p><p>投资领域: 债券混合</p><p>起投金额: 10元</p><p>投资周期: 一个月以下</p></div><div class=\"rate\"><i>保本浮动收益</i><h5>年净值增长率</h5><p>-1.37</p></div></a></li>","<li><a><div class=\"info\"><h4>建信安心保本混合</h4><p class=\"level\">稳健型 | 建信基金</p><p>投资领域: 债券混合</p><p>起投金额: 1000元</p><p>投资周期: 一个月以下</p></div><div class=\"rate\"><i>保本浮动收益</i><h5>年净值增长率</h5><p>1.40</p></div></a></li>"]
2014-02-28 15:52:44.091 BaiduCaifu[45037:80b] requesting...page:5
2014-02-28 15:52:44.177 BaiduCaifu[45037:80b] success: page:5
2014-02-28 15:52:44.178 BaiduCaifu[45037:80b] ["<li><a><div class=\"info\"><h4>中银增长</h4><p class=\"level\">激进型 | 中银基金</p><p>投资领域: 股票境外</p><p>起投金额: 1000元</p><p>投资周期: 一个月以下</p></div><div class=\"rate\"><i>保本浮动收益</i><h5>年净值增长率</h5><p>3.29</p></div></a></li>","<li><a><div class=\"info\"><h4>华夏希望A</h4><p class=\"level\">稳健型 | 华夏基金</p><p>投资领域: 债券混合</p><p>起投金额: 1000元</p><p>投资周期: 一个月以下</p></div><div class=\"rate\"><i>保本浮动收益</i><h5>年净值增长率</h5><p>0.48</p></div></a></li>","<li><a><div class=\"info\"><h4>嘉实稳健</h4><p class=\"level\">稳健型 | 嘉实基金</p><p>投资领域: 股票境外</p><p>起投金额: 1000元</p><p>投资周期: 一个月以下</p></div><div class=\"rate\"><i>保本浮动收益</i><h5>年净值增长率</h5><p>0.45</p></div></a></li>","<li><a><div class=\"info\"><h4>融通通泰保本</h4><p class=\"level\">稳健型 | 融通基金</p><p>投资领域: 债券混合</p><p>起投金额: 1000元</p><p>投资周期: 一个月以下</p></div><div class=\"rate\"><i>保本浮动收益</i><h5>年净值增长率</h5><p>1.70</p></div></a></li>","<li><a><div class=\"info\"><h4>基金金鑫</h4><p class=\"level\">激进型 | 国泰基金</p><p>投资领域: 股票境外</p><p>起投金额: 1000元</p><p>投资周期: 一个月以下</p></div><div class=\"rate\"><i>保本浮动收益</i><h5>年净值增长率</h5><p>37.10</p></div></a></li>","<li><a><div class=\"info\"><h4>宝盈增长</h4><p class=\"level\">激进型 | 宝盈基金</p><p>投资领域: 股票境外</p><p>起投金额: 1000元</p><p>投资周期: 一个月以下</p></div><div class=\"rate\"><i>保本浮动收益</i><h5>年净值增长率</h5><p>2.12</p></div></a></li>","<li><a><div class=\"info\"><h4>中欧成长优选混合</h4><p class=\"level\">稳健型 | 中欧基金</p><p>投资领域: 债券混合</p><p>起投金额: 1000元</p><p>投资周期: 一个月以下</p></div><div class=\"rate\"><i>保本浮动收益</i><h5>年净值增长率</h5><p>7.60</p></div></a></li>","<li><a><div class=\"info\"><h4>个人专项理财2014年第96期同享盈计划23011</h4><p class=\"level\">稳健型 | 浦发银行</p><p>投资领域: 商品期货</p><p>起投金额: 5万</p><p>投资周期: 13个月</p></div><div class=\"rate\"><i>保本浮动收益</i><h5>预期收益率</h5><p>5.90</p></div></a></li>","<li><a><div class=\"info\"><h4>天弘安康养老混合</h4><p class=\"level\">稳健型 | 天弘基金</p><p>投资领域: 债券混合</p><p>起投金额: 1000元</p><p>投资周期: 一个月以下</p></div><div class=\"rate\"><i>保本浮动收益</i><h5>年净值增长率</h5><p>4.48</p></div></a></li>","<li><a><div class=\"info\"><h4>华安创新</h4><p class=\"level\">稳健型 | 华安基金</p><p>投资领域: 债券混合</p><p>起投金额: 1000元</p><p>投资周期: 一个月以下</p></div><div class=\"rate\"><i>保本浮动收益</i><h5>年净值增长率</h5><p>8.94</p></div></a></li>"]
2014-02-28 15:52:47.483 BaiduCaifu[45037:80b] requesting...page:6
2014-02-28 15:52:47.540 BaiduCaifu[45037:80b] success: page:6
2014-02-28 15:52:47.540 BaiduCaifu[45037:80b] ["<li><a><div class=\"info\"><h4>中银保本混合</h4><p class=\"level\">稳健型 | 中银基金</p><p>投资领域: 债券混合</p><p>起投金额: 1000元</p><p>投资周期: 一个月以下</p></div><div class=\"rate\"><i>保本浮动收益</i><h5>年净值增长率</h5><p>2.91</p></div></a></li>","<li><a><div class=\"info\"><h4>海富回报</h4><p class=\"level\">稳健型 | 海富通基金</p><p>投资领域: 债券混合</p><p>起投金额: 1000元</p><p>投资周期: 一个月以下</p></div><div class=\"rate\"><i>保本浮动收益</i><h5>年净值增长率</h5><p>0.76</p></div></a></li>","<li><a><div class=\"info\"><h4>价值智选混合</h4><p class=\"level\">稳健型 | 中欧基金</p><p>投资领域: 债券混合</p><p>起投金额: 1000元</p><p>投资周期: 一个月以下</p></div><div class=\"rate\"><i>保本浮动收益</i><h5>年净值增长率</h5><p>17.50</p></div></a></li>","<li><a><div class=\"info\"><h4>易基平稳</h4><p class=\"level\">稳健型 | 易方达基金</p><p>投资领域: 债券混合</p><p>起投金额: 1000元</p><p>投资周期: 一个月以下</p></div><div class=\"rate\"><i>保本浮动收益</i><h5>年净值增长率</h5><p>23.35</p></div></a></li>","<li><a><div class=\"info\"><h4>2014年第14期\"工银财富\"专属资产组合投资</h4><p class=\"level\">不详 | 工商银行</p><p>投资领域: 商品期货</p><p>起投金额: 100万</p><p>投资周期: 6个月</p></div><div class=\"rate\"><i>保本浮动收益</i><h5>预期收益率</h5><p>5.95</p></div></a></li>","<li><a><div class=\"info\"><h4>个人专项理财2014年第94期同享盈计划23011</h4><p class=\"level\">稳健型 | 浦发银行</p><p>投资领域: 商品期货</p><p>起投金额: 5万</p><p>投资周期: 4个月</p></div><div class=\"rate\"><i>保本浮动收益</i><h5>预期收益率</h5><p>5.90</p></div></a></li>","<li><a><div class=\"info\"><h4>个人专项理财2014年第95期同享盈计划23011</h4><p class=\"level\">稳健型 | 浦发银行</p><p>投资领域: 商品期货</p><p>起投金额: 5万</p><p>投资周期: 7个月</p></div><div class=\"rate\"><i>保本浮动收益</i><h5>预期收益率</h5><p>5.90</p></div></a></li>","<li><a><div class=\"info\"><h4>澳银稳定B</h4><p class=\"level\">稳健型 | 信达澳银基金</p><p>投资领域: 债券混合</p><p>起投金额: 1000元</p><p>投资周期: 一个月以下</p></div><div class=\"rate\"><i>保本浮动收益</i><h5>年净值增长率</h5><p>-3.44</p></div></a></li>","<li><a><div class=\"info\"><h4>海富股票</h4><p class=\"level\">激进型 | 海富通基金</p><p>投资领域: 股票境外</p><p>起投金额: 1000元</p><p>投资周期: 一个月以下</p></div><div class=\"rate\"><i>保本浮动收益</i><h5>年净值增长率</h5><p>8.27</p></div></a></li>","<li><a><div class=\"info\"><h4>景顺增长</h4><p class=\"level\">稳健型 | 景顺长城基金</p><p>投资领域: 股票境外</p><p>起投金额: 1000元</p><p>投资周期: 一个月以下</p></div><div class=\"rate\"><i>保本浮动收益</i><h5>年净值增长率</h5><p>56.91</p></div></a></li>"]
2014-02-28 19:20:05.359 BaiduCaifu[53943:80b] Multi-tasking -> Device: YES, App: YES
2014-02-28 19:20:05.375 BaiduCaifu[53943:80b] Unlimited access to network resources
2014-02-28 19:20:05.422 BaiduCaifu[53943:80b] [CDVTimer][splashscreen] 17.827988ms
2014-02-28 19:20:05.423 BaiduCaifu[53943:80b] [CDVTimer][TotalPluginStartup] 18.463969ms
2014-02-28 19:20:05.549 BaiduCaifu[53943:80b] Resetting plugins due to page load.
2014-02-28 19:20:05.843 BaiduCaifu[53943:80b] Finished load of: file:///Users/Virola/Library/Application%20Support/iPhone%20Simulator/7.0.3/Applications/03AFB4D3-AEFF-4C77-836A-4A5A2B4E5C18/BaiduCaifu.app/www/index.html
2014-02-28 19:20:06.316 BaiduCaifu[53943:80b] success: page:1
2014-02-28 19:20:11.867 BaiduCaifu[53943:80b] success: page:2
2014-02-28 19:20:19.022 BaiduCaifu[53943:80b] success: page:3
2014-02-28 19:20:24.417 BaiduCaifu[53943:80b] success: page:4
2014-03-02 11:06:16.265 BaiduCaifu[55302:80b] Multi-tasking -> Device: YES, App: YES
2014-03-02 11:06:16.279 BaiduCaifu[55302:80b] Unlimited access to network resources
2014-03-02 11:06:16.425 BaiduCaifu[55302:80b] [CDVTimer][splashscreen] 20.097971ms
2014-03-02 11:06:16.425 BaiduCaifu[55302:80b] [CDVTimer][TotalPluginStartup] 20.554006ms
2014-03-02 11:06:16.736 BaiduCaifu[55302:80b] Resetting plugins due to page load.
2014-03-02 11:06:16.860 BaiduCaifu[55302:80b] Finished load of: file:///Users/Virola/Library/Application%20Support/iPhone%20Simulator/7.0.3/Applications/03AFB4D3-AEFF-4C77-836A-4A5A2B4E5C18/BaiduCaifu.app/www/index.html
2014-03-02 17:23:03.102 BaiduCaifu[63836:80b] Multi-tasking -> Device: YES, App: YES
2014-03-02 17:23:03.117 BaiduCaifu[63836:80b] Unlimited access to network resources
2014-03-02 17:23:03.153 BaiduCaifu[63836:80b] [CDVTimer][splashscreen] 11.000991ms
2014-03-02 17:23:03.154 BaiduCaifu[63836:80b] [CDVTimer][TotalPluginStartup] 11.594951ms
2014-03-02 17:23:03.347 BaiduCaifu[63836:80b] Resetting plugins due to page load.
2014-03-02 17:23:03.511 BaiduCaifu[63836:80b] Finished load of: file:///Users/Virola/Library/Application%20Support/iPhone%20Simulator/7.0.3/Applications/D9032B54-7E9E-4B96-9FB4-597EBD98C655/BaiduCaifu.app/www/index.html
2014-03-02 17:23:04.360 BaiduCaifu[63836:80b] success: page:1
2014-03-02 17:23:06.709 BaiduCaifu[63836:80b] CDVWebViewDelegate: Navigation started when state=1
2014-03-02 17:23:06.709 BaiduCaifu[63836:80b] Failed to load webpage with error: CDVWebViewDelegate: Navigation started when state=1
2014-03-02 17:23:06.710 BaiduCaifu[63836:80b] Resetting plugins due to page load.
2014-03-02 17:23:39.939 BaiduCaifu[63836:80b] Finished load of: http://www.bankrate.com.cn/Fund/380005?utm_source=c10&utm_medium=click&utm_campaign=c10
2014-03-02 17:27:21.341 BaiduCaifu[64054:80b] Multi-tasking -> Device: YES, App: YES
2014-03-02 17:27:21.352 BaiduCaifu[64054:80b] Unlimited access to network resources
2014-03-02 17:27:21.386 BaiduCaifu[64054:80b] [CDVTimer][splashscreen] 10.439038ms
2014-03-02 17:27:21.387 BaiduCaifu[64054:80b] [CDVTimer][TotalPluginStartup] 11.022985ms
2014-03-02 17:27:21.690 BaiduCaifu[64054:80b] Resetting plugins due to page load.
2014-03-02 17:27:21.763 BaiduCaifu[64054:80b] Finished load of: file:///Users/Virola/Library/Application%20Support/iPhone%20Simulator/7.0.3/Applications/D9032B54-7E9E-4B96-9FB4-597EBD98C655/BaiduCaifu.app/www/index.html
2014-03-02 17:27:21.961 BaiduCaifu[64054:80b] success: page:1
2014-03-02 17:27:28.007 BaiduCaifu[64054:80b] CDVWebViewDelegate: Navigation started when state=1
2014-03-02 17:27:28.008 BaiduCaifu[64054:80b] Failed to load webpage with error: CDVWebViewDelegate: Navigation started when state=1
2014-03-02 17:27:28.009 BaiduCaifu[64054:80b] Resetting plugins due to page load.
2014-03-02 17:33:45.149 BaiduCaifu[64054:80b] Finished load of: http://www.bankrate.com.cn/Fund/590010?utm_source=c10&utm_medium=click&utm_campaign=c10
2014-03-02 17:33:57.723 BaiduCaifu[64202:80b] Multi-tasking -> Device: YES, App: YES
2014-03-02 17:33:57.732 BaiduCaifu[64202:80b] Unlimited access to network resources
2014-03-02 17:33:57.763 BaiduCaifu[64202:80b] [CDVTimer][splashscreen] 10.537982ms
2014-03-02 17:33:57.764 BaiduCaifu[64202:80b] [CDVTimer][TotalPluginStartup] 11.119008ms
2014-03-02 17:33:58.086 BaiduCaifu[64202:80b] Resetting plugins due to page load.
2014-03-02 17:33:58.222 BaiduCaifu[64202:80b] Finished load of: file:///Users/Virola/Library/Application%20Support/iPhone%20Simulator/7.0.3/Applications/D9032B54-7E9E-4B96-9FB4-597EBD98C655/BaiduCaifu.app/www/index.html
2014-03-02 17:33:58.428 BaiduCaifu[64202:80b] success: page:1
2014-03-02 17:34:00.010 BaiduCaifu[64202:80b] -[__NSCFString charValue]: unrecognized selector sent to instance 0xa67ffb0
2014-03-02 17:34:00.019 BaiduCaifu[64202:80b] *** WebKit discarded an uncaught exception in the webView:decidePolicyForNavigationAction:request:frame:decisionListener: delegate: <NSInvalidArgumentException> -[__NSCFString charValue]: unrecognized selector sent to instance 0xa67ffb0
2014-03-02 17:34:02.496 BaiduCaifu[64202:80b] -[__NSCFString charValue]: unrecognized selector sent to instance 0xa79d4b0
2014-03-02 17:34:02.496 BaiduCaifu[64202:80b] *** WebKit discarded an uncaught exception in the webView:decidePolicyForNavigationAction:request:frame:decisionListener: delegate: <NSInvalidArgumentException> -[__NSCFString charValue]: unrecognized selector sent to instance 0xa79d4b0
2014-03-02 17:34:04.264 BaiduCaifu[64202:80b] -[__NSCFString charValue]: unrecognized selector sent to instance 0xa79daa0
2014-03-02 17:34:04.264 BaiduCaifu[64202:80b] *** WebKit discarded an uncaught exception in the webView:decidePolicyForNavigationAction:request:frame:decisionListener: delegate: <NSInvalidArgumentException> -[__NSCFString charValue]: unrecognized selector sent to instance 0xa79daa0
2014-03-02 17:35:16.692 BaiduCaifu[64344:80b] Multi-tasking -> Device: YES, App: YES
2014-03-02 17:35:16.703 BaiduCaifu[64344:80b] Unlimited access to network resources
2014-03-02 17:35:16.759 BaiduCaifu[64344:80b] [CDVTimer][splashscreen] 15.281022ms
2014-03-02 17:35:16.760 BaiduCaifu[64344:80b] [CDVTimer][TotalPluginStartup] 16.357958ms
2014-03-02 17:35:16.867 BaiduCaifu[64344:80b] Resetting plugins due to page load.
2014-03-02 17:35:17.036 BaiduCaifu[64344:80b] Finished load of: file:///Users/Virola/Library/Application%20Support/iPhone%20Simulator/7.0.3/Applications/D9032B54-7E9E-4B96-9FB4-597EBD98C655/BaiduCaifu.app/www/index.html
2014-03-02 17:35:17.106 BaiduCaifu[64344:80b] bind list
2014-03-02 17:35:17.241 BaiduCaifu[64344:80b] success: page:1
2014-03-02 17:35:51.801 BaiduCaifu[64344:80b] success: page:2
2014-03-02 17:35:56.030 BaiduCaifu[64344:80b] success: page:3
2014-03-02 17:36:00.331 BaiduCaifu[64344:80b] link click!
2014-03-02 17:36:00.332 BaiduCaifu[64344:80b] -[__NSCFString charValue]: unrecognized selector sent to instance 0xa786b50
2014-03-02 17:36:00.333 BaiduCaifu[64344:80b] *** WebKit discarded an uncaught exception in the webView:decidePolicyForNavigationAction:request:frame:decisionListener: delegate: <NSInvalidArgumentException> -[__NSCFString charValue]: unrecognized selector sent to instance 0xa786b50
2014-03-02 17:41:05.548 BaiduCaifu[64562:80b] Multi-tasking -> Device: YES, App: YES
2014-03-02 17:41:05.558 BaiduCaifu[64562:80b] Unlimited access to network resources
2014-03-02 17:41:05.593 BaiduCaifu[64562:80b] [CDVTimer][splashscreen] 11.741042ms
2014-03-02 17:41:05.608 BaiduCaifu[64562:80b] [CDVTimer][TotalPluginStartup] 25.997043ms
2014-03-02 17:41:05.879 BaiduCaifu[64562:80b] Resetting plugins due to page load.
2014-03-02 17:41:05.986 BaiduCaifu[64562:80b] Finished load of: file:///Users/Virola/Library/Application%20Support/iPhone%20Simulator/7.0.3/Applications/D9032B54-7E9E-4B96-9FB4-597EBD98C655/BaiduCaifu.app/www/index.html
2014-03-02 17:41:06.119 BaiduCaifu[64562:80b] bind list
2014-03-02 17:41:06.256 BaiduCaifu[64562:80b] success: page:1
2014-03-02 17:41:18.473 BaiduCaifu[64562:80b] link click!
2014-03-02 17:41:18.506 BaiduCaifu[64562:80b] THREAD WARNING: ['InAppBrowser'] took '32.225830' ms. Plugin should use a background thread.
2014-03-02 17:41:48.116 BaiduCaifu[64562:80b] link click!
2014-03-02 17:42:01.108 BaiduCaifu[64562:80b] link click!
2014-03-02 17:43:27.771 BaiduCaifu[64698:80b] Multi-tasking -> Device: YES, App: YES
2014-03-02 17:43:27.780 BaiduCaifu[64698:80b] Unlimited access to network resources
2014-03-02 17:43:27.816 BaiduCaifu[64698:80b] [CDVTimer][splashscreen] 12.415946ms
2014-03-02 17:43:27.825 BaiduCaifu[64698:80b] [CDVTimer][TotalPluginStartup] 21.283031ms
2014-03-02 17:43:28.075 BaiduCaifu[64698:80b] Resetting plugins due to page load.
2014-03-02 17:43:28.183 BaiduCaifu[64698:80b] Finished load of: file:///Users/Virola/Library/Application%20Support/iPhone%20Simulator/7.0.3/Applications/D9032B54-7E9E-4B96-9FB4-597EBD98C655/BaiduCaifu.app/www/index.html
2014-03-02 17:43:28.335 BaiduCaifu[64698:80b] bind list
2014-03-02 17:43:28.478 BaiduCaifu[64698:80b] success: page:1
2014-03-02 17:43:31.643 BaiduCaifu[64698:80b] link click!
2014-03-02 17:43:31.679 BaiduCaifu[64698:80b] THREAD WARNING: ['InAppBrowser'] took '35.554199' ms. Plugin should use a background thread.
2014-03-02 17:44:53.532 BaiduCaifu[64698:80b] link click!
2014-03-02 17:45:01.889 BaiduCaifu[64698:80b] link click!
2014-03-02 18:50:19.276 BaiduCaifu[64698:80b] link click!
2014-03-02 18:50:23.314 BaiduCaifu[64698:80b] link click!
2014-03-02 18:50:28.643 BaiduCaifu[64698:80b] link click!
